trying to get fabpot's repos12fabpot's repos are: .github, api-pack, api-platform, bref, carew, carsonbot, composer, cron-expression, doctrine-test-bundle, doctrine2, DoctrineBundle, DoctrineCacheBundle, DoctrineMigrationsBundle, EasyAdminBundle, EkinoNewRelicBundle, getcomposer.org, gitter, hhvm, httplug-flex-pack, list, local-php-security-checker, maker-bundle, monolog, monolog-bundle, oauth2-client-bundle, pester, PHP-CS-Fixer, PHP-CS-Fixer.github.io, php-src, Pimple, pinky, pint, platformsh-docs, polyfill, security-checker, sentry-symfony, sflive-paris-2017, Silex, silex-buzz-extension, simple-example-laravel-with-postgresql, snake-bundle, sphinx-php, swiftmailer-css-inliner, symfony, symfony-docker, symfony-docs, symfony-standard, test-releases, Twig, twig-common, website, WouterJEloquentBundlesome errors were found:
[ConnectionError (HttpExceptionRequest Request {
  host                 = "api.github.com"
  port                 = 80
  secure               = False
  requestHeaders       = [("Accept","application/json;charset=utf-8,application/json"),("user-agent","haskell-app"),("Authorization","<REDACTED>")]
  path                 = "/repos/fabpot/EasyAdminBundle/contributors"
  queryString          = "?page=1"
  method               = "GET"
  proxy                = Nothing
  rawBody              = False
  redirectCount        = 10
  responseTimeout      = ResponseTimeoutDefault
  requestVersion       = HTTP/1.1
}
 (ConnectionFailure Network.Socket.connect: <socket: 1204>: failed (Connection timed out (WSAETIMEDOUT)))),ConnectionError (HttpExceptionRequest Request {
  host                 = "api.github.com"
  port                 = 80
  secure               = False
  requestHeaders       = [("Accept","application/json;charset=utf-8,application/json"),("user-agent","haskell-app"),("Authorization","<REDACTED>")]
  path                 = "/repos/fabpot/EkinoNewRelicBundle/contributors"
  queryString          = "?page=1"
  method               = "GET"
  proxy                = Nothing
  rawBody              = False
  redirectCount        = 10
  responseTimeout      = ResponseTimeoutDefault
  requestVersion       = HTTP/1.1
}
 (ConnectionFailure Network.Socket.connect: <socket: 2372>: failed (Connection timed out (WSAETIMEDOUT)))),ConnectionError (HttpExceptionRequest Request {
  host                 = "api.github.com"
  port                 = 80
  secure               = False
  requestHeaders       = [("Accept","application/json;charset=utf-8,application/json"),("user-agent","haskell-app"),("Authorization","<REDACTED>")]
  path                 = "/repos/fabpot/getcomposer.org/contributors"
  queryString          = "?page=1"
  method               = "GET"
  proxy                = Nothing
  rawBody              = False
  redirectCount        = 10
  responseTimeout      = ResponseTimeoutDefault
  requestVersion       = HTTP/1.1
}
 (ConnectionFailure Network.Socket.connect: <socket: 1424>: failed (Connection timed out (WSAETIMEDOUT)))),ConnectionError (HttpExceptionRequest Request {
  host                 = "api.github.com"
  port                 = 80
  secure               = False
  requestHeaders       = [("Accept","application/json;charset=utf-8,application/json"),("user-agent","haskell-app"),("Authorization","<REDACTED>")]
  path                 = "/repos/fabpot/gitter/contributors"
  queryString          = "?page=1"
  method               = "GET"
  proxy                = Nothing
  rawBody              = False
  redirectCount        = 10
  responseTimeout      = ResponseTimeoutDefault
  requestVersion       = HTTP/1.1
}
 (ConnectionFailure Network.Socket.connect: <socket: 1380>: failed (Connection timed out (WSAETIMEDOUT)))),ConnectionError (HttpExceptionRequest Request {
  host                 = "api.github.com"
  port                 = 80
  secure               = False
  requestHeaders       = [("Accept","application/json;charset=utf-8,application/json"),("user-agent","haskell-app"),("Authorization","<REDACTED>")]
  path                 = "/repos/fabpot/hhvm/contributors"
  queryString          = "?page=1"
  method               = "GET"
  proxy                = Nothing
  rawBody              = False
  redirectCount        = 10
  responseTimeout      = ResponseTimeoutDefault
  requestVersion       = HTTP/1.1
}
 (ConnectionFailure Network.Socket.connect: <socket: 1340>: failed (Connection timed out (WSAETIMEDOUT)))),ConnectionError (HttpExceptionRequest Request {
  host                 = "api.github.com"
  port                 = 80
  secure               = False
  requestHeaders       = [("Accept","application/json;charset=utf-8,application/json"),("user-agent","haskell-app"),("Authorization","<REDACTED>")]
  path                 = "/repos/fabpot/httplug-flex-pack/contributors"
  queryString          = "?page=1"
  method               = "GET"
  proxy                = Nothing
  rawBody              = False
  redirectCount        = 10
  responseTimeout      = ResponseTimeoutDefault
  requestVersion       = HTTP/1.1
}
 (ConnectionFailure Network.Socket.connect: <socket: 1340>: failed (Connection timed out (WSAETIMEDOUT)))),ConnectionError (HttpExceptionRequest Request {
  host                 = "api.github.com"
  port                 = 80
  secure               = False
  requestHeaders       = [("Accept","application/json;charset=utf-8,application/json"),("user-agent","haskell-app"),("Authorization","<REDACTED>")]
  path                 = "/repos/fabpot/list/contributors"
  queryString          = "?page=3"
  method               = "GET"
  proxy                = Nothing
  rawBody              = False
  redirectCount        = 10
  responseTimeout      = ResponseTimeoutDefault
  requestVersion       = HTTP/1.1
}
 (ConnectionFailure Network.Socket.connect: <socket: 2376>: failed (Connection timed out (WSAETIMEDOUT)))),ConnectionError (HttpExceptionRequest Request {
  host                 = "api.github.com"
  port                 = 80
  secure               = False
  requestHeaders       = [("Accept","application/json;charset=utf-8,application/json"),("user-agent","haskell-app"),("Authorization","<REDACTED>")]
  path                 = "/repos/fabpot/snake-bundle/contributors"
  queryString          = "?page=1"
  method               = "GET"
  proxy                = Nothing
  rawBody              = False
  redirectCount        = 10
  responseTimeout      = ResponseTimeoutDefault
  requestVersion       = HTTP/1.1
}
 (ConnectionFailure Network.Socket.connect: <socket: 2248>: failed (Connection timed out (WSAETIMEDOUT)))),ConnectionError (HttpExceptionRequest Request {
  host                 = "api.github.com"
  port                 = 80
  secure               = False
  requestHeaders       = [("Accept","application/json;charset=utf-8,application/json"),("user-agent","haskell-app"),("Authorization","<REDACTED>")]
  path                 = "/repos/fabpot/symfony/contributors"
  queryString          = "?page=4"
  method               = "GET"
  proxy                = Nothing
  rawBody              = False
  redirectCount        = 10
  responseTimeout      = ResponseTimeoutDefault
  requestVersion       = HTTP/1.1
}
 (ConnectionFailure Network.Socket.connect: <socket: 1144>: failed (Connection timed out (WSAETIMEDOUT)))),ConnectionError (HttpExceptionRequest Request {
  host                 = "api.github.com"
  port                 = 80
  secure               = False
  requestHeaders       = [("Accept","application/json;charset=utf-8,application/json"),("user-agent","haskell-app"),("Authorization","<REDACTED>")]
  path                 = "/repos/fabpot/symfony-docker/contributors"
  queryString          = "?page=1"
  method               = "GET"
  proxy                = Nothing
  rawBody              = False
  redirectCount        = 10
  responseTimeout      = ResponseTimeoutDefault
  requestVersion       = HTTP/1.1
}
 (ConnectionFailure Network.Socket.connect: <socket: 3044>: failed (Connection timed out (WSAETIMEDOUT)))),ConnectionError (HttpExceptionRequest Request {
  host                 = "api.github.com"
  port                 = 80
  secure               = False
  requestHeaders       = [("Accept","application/json;charset=utf-8,application/json"),("user-agent","haskell-app"),("Authorization","<REDACTED>")]
  path                 = "/repos/fabpot/symfony-docs/contributors"
  queryString          = "?page=1"
  method               = "GET"
  proxy                = Nothing
  rawBody              = False
  redirectCount        = 10
  responseTimeout      = ResponseTimeoutDefault
  requestVersion       = HTTP/1.1
}
 (ConnectionFailure Network.Socket.connect: <socket: 748>: failed (Connection timed out (WSAETIMEDOUT)))),ConnectionError (HttpExceptionRequest Request {
  host                 = "api.github.com"
  port                 = 80
  secure               = False
  requestHeaders       = [("Accept","application/json;charset=utf-8,application/json"),("user-agent","haskell-app"),("Authorization","<REDACTED>")]
  path                 = "/repos/fabpot/symfony-standard/contributors"
  queryString          = "?page=1"
  method               = "GET"
  proxy                = Nothing
  rawBody              = False
  redirectCount        = 10
  responseTimeout      = ResponseTimeoutDefault
  requestVersion       = HTTP/1.1
}
 (InternalException (HostCannotConnect "api.github.com" [Network.Socket.connect: <socket: 3040>: failed (Connection timed out (WSAETIMEDOUT))]))),ConnectionError (HttpExceptionRequest Request {
  host                 = "api.github.com"
  port                 = 80
  secure               = False
  requestHeaders       = [("Accept","application/json;charset=utf-8,application/json"),("user-agent","haskell-app"),("Authorization","<REDACTED>")]
  path                 = "/repos/fabpot/Twig/contributors"
  queryString          = "?page=1"
  method               = "GET"
  proxy                = Nothing
  rawBody              = False
  redirectCount        = 10
  responseTimeout      = ResponseTimeoutDefault
  requestVersion       = HTTP/1.1
}
 (ConnectionFailure Network.Socket.connect: <socket: 2400>: failed (Connection timed out (WSAETIMEDOUT)))),ConnectionError (HttpExceptionRequest Request {
  host                 = "api.github.com"
  port                 = 80
  secure               = False
  requestHeaders       = [("Accept","application/json;charset=utf-8,application/json"),("user-agent","haskell-app"),("Authorization","<REDACTED>")]
  path                 = "/repos/fabpot/twig-common/contributors"
  queryString          = "?page=1"
  method               = "GET"
  proxy                = Nothing
  rawBody              = False
  redirectCount        = 10
  responseTimeout      = ResponseTimeoutDefault
  requestVersion       = HTTP/1.1
}
 (ConnectionFailure Network.Socket.connect: <socket: 3048>: failed (Connection timed out (WSAETIMEDOUT))))]calculating highest contributor in fabpot's reposthe highest contributor in fabpot's repos is RepoContributor {login = "weltling", contributions = 6770}executing `neimhin'sFunc` for RepoContributor {login = "weltling", contributions = 6770}trying to get weltling's repos12weltling's repos are: apcu, apcup, atoum-documentation, azure-docs, cairo, clang-php-checker, cloud-hypervisor, collectd, convey, curl, demo-ctypes, fiber-ext, functional-php, graphdat-sdk-php, hippyvm, igbinary, imagick, inih, IP2Location-PECL-Extension, JitCalc, json-c, karma, libmemcached, lmdb, meta-debian, meta-rust, ml64_exercise, mono, Mosquitto-PHP, msgpack-php, MultiMarkdown, ntttcp-for-linux, OpenCV-for-PHP, parle, parsertl14, pecl-file_formats-yaml, pecl-jsmin, pecl-json-c, PFTT2, Phalanger, php-amqp, php-apn, php-ast, php-cld, PHP-CPP, php-decimal, php-discount, php-ext-couchbase, php-ext-excel-export, PHP-Facedetect, php-fann, php-fastlz, php-ffi, php-jsond, php-judy, php-leveldb, php-memcached, php-pango, php-rar, php-rdkafka, php-scrypt, php-sdk-binary-tools, php-src, php-sundown, php-taint, php-udis86, php-uv, php5-xcom, phpMyFAQ, phpredis, php_bench, php_riak, php_zip, php_zopfli, phurple, pthreads, qb, quickhash, Serendipity, simdcomp, ssdeep, str_size_and_int64_example, symfony, timelib, tls_exercise, Twig, uopz, uri-template, ustring, Varnish-Cache, web-bugs, web-qa, weltling.github.io, wxphp, xdebug, xhprof, yac, ZendOptimizerPlussome errors were found:
[ConnectionError (HttpExceptionRequest Request {
  host                 = "api.github.com"
  port                 = 80
  secure               = False
  requestHeaders       = [("Accept","application/json;charset=utf-8,application/json"),("user-agent","haskell-app"),("Authorization","<REDACTED>")]
  path                 = "/repos/weltling/curl/contributors"
  queryString          = "?page=7"
  method               = "GET"
  proxy                = Nothing
  rawBody              = False
  redirectCount        = 10
  responseTimeout      = ResponseTimeoutDefault
  requestVersion       = HTTP/1.1
}
 (ConnectionFailure Network.Socket.connect: <socket: 1340>: failed (Connection timed out (WSAETIMEDOUT)))),ConnectionError (HttpExceptionRequest Request {
  host                 = "api.github.com"
  port                 = 80
  secure               = False
  requestHeaders       = [("Accept","application/json;charset=utf-8,application/json"),("user-agent","haskell-app"),("Authorization","<REDACTED>")]
  path                 = "/repos/weltling/fiber-ext/contributors"
  queryString          = "?page=1"
  method               = "GET"
  proxy                = Nothing
  rawBody              = False
  redirectCount        = 10
  responseTimeout      = ResponseTimeoutDefault
  requestVersion       = HTTP/1.1
}
 (ConnectionFailure Network.Socket.connect: <socket: 2696>: failed (Connection timed out (WSAETIMEDOUT)))),ConnectionError (HttpExceptionRequest Request {
  host                 = "api.github.com"
  port                 = 80
  secure               = False
  requestHeaders       = [("Accept","application/json;charset=utf-8,application/json"),("user-agent","haskell-app"),("Authorization","<REDACTED>")]
  path                 = "/repos/weltling/hippyvm/contributors"
  queryString          = "?page=1"
  method               = "GET"
  proxy                = Nothing
  rawBody              = False
  redirectCount        = 10
  responseTimeout      = ResponseTimeoutDefault
  requestVersion       = HTTP/1.1
}
 (InternalException (HostCannotConnect "api.github.com" [Network.Socket.connect: <socket: 1660>: failed (Connection timed out (WSAETIMEDOUT))]))),ConnectionError (HttpExceptionRequest Request {
  host                 = "api.github.com"
  port                 = 80
  secure               = False
  requestHeaders       = [("Accept","application/json;charset=utf-8,application/json"),("user-agent","haskell-app"),("Authorization","<REDACTED>")]
  path                 = "/repos/weltling/igbinary/contributors"
  queryString          = "?page=1"
  method               = "GET"
  proxy                = Nothing
  rawBody              = False
  redirectCount        = 10
  responseTimeout      = ResponseTimeoutDefault
  requestVersion       = HTTP/1.1
}
 (ConnectionFailure Network.Socket.connect: <socket: 1116>: failed (Connection timed out (WSAETIMEDOUT)))),ConnectionError (HttpExceptionRequest Request {
  host                 = "api.github.com"
  port                 = 80
  secure               = False
  requestHeaders       = [("Accept","application/json;charset=utf-8,application/json"),("user-agent","haskell-app"),("Authorization","<REDACTED>")]
  path                 = "/repos/weltling/inih/contributors"
  queryString          = "?page=1"
  method               = "GET"
  proxy                = Nothing
  rawBody              = False
  redirectCount        = 10
  responseTimeout      = ResponseTimeoutDefault
  requestVersion       = HTTP/1.1
}
 (InternalException (HostCannotConnect "api.github.com" [Network.Socket.connect: <socket: 1188>: failed (Connection timed out (WSAETIMEDOUT))]))),ConnectionError (HttpExceptionRequest Request {
  host                 = "api.github.com"
  port                 = 80
  secure               = False
  requestHeaders       = [("Accept","application/json;charset=utf-8,application/json"),("user-agent","haskell-app"),("Authorization","<REDACTED>")]
  path                 = "/repos/weltling/phpredis/contributors"
  queryString          = "?page=1"
  method               = "GET"
  proxy                = Nothing
  rawBody              = False
  redirectCount        = 10
  responseTimeout      = ResponseTimeoutDefault
  requestVersion       = HTTP/1.1
}
 (ConnectionFailure Network.Socket.connect: <socket: 2292>: failed (Connection timed out (WSAETIMEDOUT)))),ConnectionError (HttpExceptionRequest Request {
  host                 = "api.github.com"
  port                 = 80
  secure               = False
  requestHeaders       = [("Accept","application/json;charset=utf-8,application/json"),("user-agent","haskell-app"),("Authorization","<REDACTED>")]
  path                 = "/repos/weltling/php_bench/contributors"
  queryString          = "?page=1"
  method               = "GET"
  proxy                = Nothing
  rawBody              = False
  redirectCount        = 10
  responseTimeout      = ResponseTimeoutDefault
  requestVersion       = HTTP/1.1
}
 (InternalException (HostCannotConnect "api.github.com" [Network.Socket.connect: <socket: 1560>: failed (Connection timed out (WSAETIMEDOUT))]))),ConnectionError (HttpExceptionRequest Request {
  host                 = "api.github.com"
  port                 = 80
  secure               = False
  requestHeaders       = [("Accept","application/json;charset=utf-8,application/json"),("user-agent","haskell-app"),("Authorization","<REDACTED>")]
  path                 = "/repos/weltling/php_riak/contributors"
  queryString          = "?page=1"
  method               = "GET"
  proxy                = Nothing
  rawBody              = False
  redirectCount        = 10
  responseTimeout      = ResponseTimeoutDefault
  requestVersion       = HTTP/1.1
}
 (ConnectionFailure Network.Socket.connect: <socket: 704>: failed (Connection timed out (WSAETIMEDOUT)))),ConnectionError (HttpExceptionRequest Request {
  host                 = "api.github.com"
  port                 = 80
  secure               = False
  requestHeaders       = [("Accept","application/json;charset=utf-8,application/json"),("user-agent","haskell-app"),("Authorization","<REDACTED>")]
  path                 = "/repos/weltling/php_zopfli/contributors"
  queryString          = "?page=1"
  method               = "GET"
  proxy                = Nothing
  rawBody              = False
  redirectCount        = 10
  responseTimeout      = ResponseTimeoutDefault
  requestVersion       = HTTP/1.1
}
 (ConnectionFailure Network.Socket.connect: <socket: 1596>: failed (Connection timed out (WSAETIMEDOUT)))),ConnectionError (HttpExceptionRequest Request {
  host                 = "api.github.com"
  port                 = 80
  secure               = False
  requestHeaders       = [("Accept","application/json;charset=utf-8,application/json"),("user-agent","haskell-app"),("Authorization","<REDACTED>")]
  path                 = "/repos/weltling/phurple/contributors"
  queryString          = "?page=1"
  method               = "GET"
  proxy                = Nothing
  rawBody              = False
  redirectCount        = 10
  responseTimeout      = ResponseTimeoutDefault
  requestVersion       = HTTP/1.1
}
 (InternalException (HostCannotConnect "api.github.com" [Network.Socket.connect: <socket: 1888>: failed (Connection timed out (WSAETIMEDOUT))]))),ConnectionError (HttpExceptionRequest Request {
  host                 = "api.github.com"
  port                 = 80
  secure               = False
  requestHeaders       = [("Accept","application/json;charset=utf-8,application/json"),("user-agent","haskell-app"),("Authorization","<REDACTED>")]
  path                 = "/repos/weltling/pthreads/contributors"
  queryString          = "?page=1"
  method               = "GET"
  proxy                = Nothing
  rawBody              = False
  redirectCount        = 10
  responseTimeout      = ResponseTimeoutDefault
  requestVersion       = HTTP/1.1
}
 (InternalException (HostCannotConnect "api.github.com" [Network.Socket.connect: <socket: 3064>: failed (Connection timed out (WSAETIMEDOUT))]))),ConnectionError (HttpExceptionRequest Request {
  host                 = "api.github.com"
  port                 = 80
  secure               = False
  requestHeaders       = [("Accept","application/json;charset=utf-8,application/json"),("user-agent","haskell-app"),("Authorization","<REDACTED>")]
  path                 = "/repos/weltling/Serendipity/contributors"
  queryString          = "?page=1"
  method               = "GET"
  proxy                = Nothing
  rawBody              = False
  redirectCount        = 10
  responseTimeout      = ResponseTimeoutDefault
  requestVersion       = HTTP/1.1
}
 (InternalException (HostCannotConnect "api.github.com" [Network.Socket.connect: <socket: 840>: failed (Connection timed out (WSAETIMEDOUT))])))]calculating highest contributor in weltling's reposthe highest contributor in weltling's repos is RepoContributor {login = "fabpot", contributions = 15993}executing `neimhin'sFunc` for RepoContributor {login = "fabpot", contributions = 15993}trying to get fabpot's repos12fabpot's repos are: .github, api-pack, api-platform, bref, carew, carsonbot, composer, cron-expression, doctrine-test-bundle, doctrine2, DoctrineBundle, DoctrineCacheBundle, DoctrineMigrationsBundle, EasyAdminBundle, EkinoNewRelicBundle, getcomposer.org, gitter, hhvm, httplug-flex-pack, list, local-php-security-checker, maker-bundle, monolog, monolog-bundle, oauth2-client-bundle, pester, PHP-CS-Fixer, PHP-CS-Fixer.github.io, php-src, Pimple, pinky, pint, platformsh-docs, polyfill, security-checker, sentry-symfony, sflive-paris-2017, Silex, silex-buzz-extension, simple-example-laravel-with-postgresql, snake-bundle, sphinx-php, swiftmailer-css-inliner, symfony, symfony-docker, symfony-docs, symfony-standard, test-releases, Twig, twig-common, website, WouterJEloquentBundlesome errors were found:
[ConnectionError (HttpExceptionRequest Request {
  host                 = "api.github.com"
  port                 = 80
  secure               = False
  requestHeaders       = [("Accept","application/json;charset=utf-8,application/json"),("user-agent","haskell-app"),("Authorization","<REDACTED>")]
  path                 = "/repos/fabpot/composer/contributors"
  queryString          = "?page=2"
  method               = "GET"
  proxy                = Nothing
  rawBody              = False
  redirectCount        = 10
  responseTimeout      = ResponseTimeoutDefault
  requestVersion       = HTTP/1.1
}
 (ConnectionFailure Network.Socket.connect: <socket: 600>: failed (Connection timed out (WSAETIMEDOUT)))),ConnectionError (HttpExceptionRequest Request {
  host                 = "api.github.com"
  port                 = 80
  secure               = False
  requestHeaders       = [("Accept","application/json;charset=utf-8,application/json"),("user-agent","haskell-app"),("Authorization","<REDACTED>")]
  path                 = "/repos/fabpot/DoctrineBundle/contributors"
  queryString          = "?page=5"
  method               = "GET"
  proxy                = Nothing
  rawBody              = False
  redirectCount        = 10
  responseTimeout      = ResponseTimeoutDefault
  requestVersion       = HTTP/1.1
}
 (ConnectionFailure Network.Socket.connect: <socket: 2264>: failed (Connection timed out (WSAETIMEDOUT)))),ConnectionError (HttpExceptionRequest Request {
  host                 = "api.github.com"
  port                 = 80
  secure               = False
  requestHeaders       = [("Accept","application/json;charset=utf-8,application/json"),("user-agent","haskell-app"),("Authorization","<REDACTED>")]
  path                 = "/repos/fabpot/DoctrineCacheBundle/contributors"
  queryString          = "?page=1"
  method               = "GET"
  proxy                = Nothing
  rawBody              = False
  redirectCount        = 10
  responseTimeout      = ResponseTimeoutDefault
  requestVersion       = HTTP/1.1
}
 (ConnectionFailure Network.Socket.connect: <socket: 2264>: failed (Connection timed out (WSAETIMEDOUT)))),ConnectionError (HttpExceptionRequest Request {
  host                 = "api.github.com"
  port                 = 80
  secure               = False
  requestHeaders       = [("Accept","application/json;charset=utf-8,application/json"),("user-agent","haskell-app"),("Authorization","<REDACTED>")]
  path                 = "/repos/fabpot/EasyAdminBundle/contributors"
  queryString          = "?page=3"
  method               = "GET"
  proxy                = Nothing
  rawBody              = False
  redirectCount        = 10
  responseTimeout      = ResponseTimeoutDefault
  requestVersion       = HTTP/1.1
}
 (ConnectionFailure Network.Socket.connect: <socket: 3024>: failed (Connection timed out (WSAETIMEDOUT)))),ConnectionError (HttpExceptionRequest Request {
  host                 = "api.github.com"
  port                 = 80
  secure               = False
  requestHeaders       = [("Accept","application/json;charset=utf-8,application/json"),("user-agent","haskell-app"),("Authorization","<REDACTED>")]
  path                 = "/repos/fabpot/sentry-symfony/contributors"
  queryString          = "?page=2"
  method               = "GET"
  proxy                = Nothing
  rawBody              = False
  redirectCount        = 10
  responseTimeout      = ResponseTimeoutDefault
  requestVersion       = HTTP/1.1
}
 (InternalException (HostCannotConnect "api.github.com" [Network.Socket.connect: <socket: 2408>: failed (Connection timed out (WSAETIMEDOUT))]))),ConnectionError (HttpExceptionRequest Request {
  host                 = "api.github.com"
  port                 = 80
  secure               = False
  requestHeaders       = [("Accept","application/json;charset=utf-8,application/json"),("user-agent","haskell-app"),("Authorization","<REDACTED>")]
  path                 = "/repos/fabpot/Silex/contributors"
  queryString          = "?page=1"
  method               = "GET"
  proxy                = Nothing
  rawBody              = False
  redirectCount        = 10
  responseTimeout      = ResponseTimeoutDefault
  requestVersion       = HTTP/1.1
}
 (ConnectionFailure Network.Socket.connect: <socket: 1776>: failed (Connection timed out (WSAETIMEDOUT)))),ConnectionError (HttpExceptionRequest Request {
  host                 = "api.github.com"
  port                 = 80
  secure               = False
  requestHeaders       = [("Accept","application/json;charset=utf-8,application/json"),("user-agent","haskell-app"),("Authorization","<REDACTED>")]
  path                 = "/repos/fabpot/snake-bundle/contributors"
  queryString          = "?page=1"
  method               = "GET"
  proxy                = Nothing
  rawBody              = False
  redirectCount        = 10
  responseTimeout      = ResponseTimeoutDefault
  requestVersion       = HTTP/1.1
}
 (ConnectionFailure Network.Socket.connect: <socket: 2892>: failed (Connection timed out (WSAETIMEDOUT)))),ConnectionError (HttpExceptionRequest Request {
  host                 = "api.github.com"
  port                 = 80
  secure               = False
  requestHeaders       = [("Accept","application/json;charset=utf-8,application/json"),("user-agent","haskell-app"),("Authorization","<REDACTED>")]
  path                 = "/repos/fabpot/swiftmailer-css-inliner/contributors"
  queryString          = "?page=1"
  method               = "GET"
  proxy                = Nothing
  rawBody              = False
  redirectCount        = 10
  responseTimeout      = ResponseTimeoutDefault
  requestVersion       = HTTP/1.1
}
 (ConnectionFailure Network.Socket.connect: <socket: 820>: failed (Connection timed out (WSAETIMEDOUT))))]calculating highest contributor in fabpot's reposthe highest contributor in fabpot's repos is RepoContributor {login = "fabpot", contributions = 21051}executing `neimhin'sFunc` for RepoContributor {login = "fabpot", contributions = 21051}trying to get fabpot's repos12fabpot's repos are: .github, api-pack, api-platform, bref, carew, carsonbot, composer, cron-expression, doctrine-test-bundle, doctrine2, DoctrineBundle, DoctrineCacheBundle, DoctrineMigrationsBundle, EasyAdminBundle, EkinoNewRelicBundle, getcomposer.org, gitter, hhvm, httplug-flex-pack, list, local-php-security-checker, maker-bundle, monolog, monolog-bundle, oauth2-client-bundle, pester, PHP-CS-Fixer, PHP-CS-Fixer.github.io, php-src, Pimple, pinky, pint, platformsh-docs, polyfill, security-checker, sentry-symfony, sflive-paris-2017, Silex, silex-buzz-extension, simple-example-laravel-with-postgresql, snake-bundle, sphinx-php, swiftmailer-css-inliner, symfony, symfony-docker, symfony-docs, symfony-standard, test-releases, Twig, twig-common, website, WouterJEloquentBundle