trying to get HugoGiraudel's repos12error getting list of repos for HugoGiraudel:
ConnectionError (HttpExceptionRequest Request {
  host                 = "api.github.com"
  port                 = 80
  secure               = False
  requestHeaders       = [("Accept","application/json;charset=utf-8,application/json"),("user-agent","haskell-app"),("Authorization","<REDACTED>")]
  path                 = "/users/HugoGiraudel/repos"
  queryString          = "?page=1"
  method               = "GET"
  proxy                = Nothing
  rawBody              = False
  redirectCount        = 10
  responseTimeout      = ResponseTimeoutDefault
  requestVersion       = HTTP/1.1
}
 (ConnectionFailure Network.Socket.connect: <socket: 700>: failed (Connection timed out (WSAETIMEDOUT))))trying to get HugoGiraudel's repos12error getting list of repos for HugoGiraudel:
ConnectionError (HttpExceptionRequest Request {
  host                 = "api.github.com"
  port                 = 80
  secure               = False
  requestHeaders       = [("Accept","application/json;charset=utf-8,application/json"),("user-agent","haskell-app"),("Authorization","<REDACTED>")]
  path                 = "/users/HugoGiraudel/repos"
  queryString          = "?page=1"
  method               = "GET"
  proxy                = Nothing
  rawBody              = False
  redirectCount        = 10
  responseTimeout      = ResponseTimeoutDefault
  requestVersion       = HTTP/1.1
}
 (ConnectionFailure Network.Socket.connect: <socket: 768>: failed (Connection timed out (WSAETIMEDOUT))))trying to get HugoGiraudel's repos12error getting list of repos for HugoGiraudel:
ConnectionError (HttpExceptionRequest Request {
  host                 = "api.github.com"
  port                 = 80
  secure               = False
  requestHeaders       = [("Accept","application/json;charset=utf-8,application/json"),("user-agent","haskell-app"),("Authorization","<REDACTED>")]
  path                 = "/users/HugoGiraudel/repos"
  queryString          = "?page=1"
  method               = "GET"
  proxy                = Nothing
  rawBody              = False
  redirectCount        = 10
  responseTimeout      = ResponseTimeoutDefault
  requestVersion       = HTTP/1.1
}
 (ConnectionFailure Network.Socket.connect: <socket: 728>: failed (Connection timed out (WSAETIMEDOUT))))trying to get HugoGiraudel's repos12HugoGiraudel's repos are: ama, aoc-2020, awesome-sass, Countdown.js, CRUD.js, css3-pratique, cypress-5570, dependency-checker, dotfiles, eleventy-plugin-footnotes, espi-devblog, fela, github-release-search, hangman.js, hugogiraudel.com, ImagePreloader, inline-styler, jekyll-boilerplate, jekyll-styleguide, map-dater, node-legofy, PHP-hangman-game, react-a11y-dialog, react-a11y-footnotes, react-menu-button, react-workshop, sass-boilerplate, sass-compatibility, sass-guidelines, sass-semver, SassyBitwise, SassyCast, SassyGradients, SassyIteratorsGenerators, SassyJSON, SassyLogger, SassyMatrix, SassySort, SassyStrings, SassyTester, scrabble-helper, selectors-explained, SJSJ, squoosh, sudoku-solver, thesassway.com[]the highest contributor in HugoGiraudel's repos is RepoContributor {login = "robinweser", contributions = 1317}executing `neimhin'sFunc` for RepoContributor {login = "robinweser", contributions = 1317}trying to get robinweser's repos12robinweser's repos are: alveron, alveron-old, assign-styles, bredon, bs-locale-code, Calculate.js, css-in-js-utils, doc-badges, elodin, elodin-old, fast-loops, fela, flow-semantic-versioning, graphiql-explorer, graphql-playground, inline-style-expand-shorthand, inline-style-prefix-all, inline-style-prefixer, inline-style-transformer, js.org, kilvin, next.js, Obscene-Core, Obscene-UI, onegraph-examples, Perfect-Font, Pfadiralala-IV, pogolookup, radium-plugin-linter, radium-plugin-prefix-all, react-controlled-form, react-css-component, react-layout-components, react-look, react-markdown-github-renderers, react-onegraph, react-pdf, read-transform-write, reason-urql, rescript-lang.org, rofrischmann, small-color, speaking, stamm-luchs, theme-centric-component-design, tokenize-sync, unitless-css-property, unverschaemt, vocabulary[ConnectionError (HttpExceptionRequest Request {
  host                 = "api.github.com"
  port                 = 80
  secure               = False
  requestHeaders       = [("Accept","application/json;charset=utf-8,application/json"),("user-agent","haskell-app"),("Authorization","<REDACTED>")]
  path                 = "/repos/robinweser/alveron/contributors"
  queryString          = "?page=1"
  method               = "GET"
  proxy                = Nothing
  rawBody              = False
  redirectCount        = 10
  responseTimeout      = ResponseTimeoutDefault
  requestVersion       = HTTP/1.1
}
 (InternalException (HostCannotConnect "api.github.com" [Network.Socket.connect: <socket: 6776>: failed (Connection timed out (WSAETIMEDOUT))]))),ConnectionError (HttpExceptionRequest Request {
  host                 = "api.github.com"
  port                 = 80
  secure               = False
  requestHeaders       = [("Accept","application/json;charset=utf-8,application/json"),("user-agent","haskell-app"),("Authorization","<REDACTED>")]
  path                 = "/repos/robinweser/alveron-old/contributors"
  queryString          = "?page=1"
  method               = "GET"
  proxy                = Nothing
  rawBody              = False
  redirectCount        = 10
  responseTimeout      = ResponseTimeoutDefault
  requestVersion       = HTTP/1.1
}
 (InternalException (HostCannotConnect "api.github.com" [Network.Socket.connect: <socket: 4612>: failed (Connection timed out (WSAETIMEDOUT))]))),ConnectionError (HttpExceptionRequest Request {
  host                 = "api.github.com"
  port                 = 80
  secure               = False
  requestHeaders       = [("Accept","application/json;charset=utf-8,application/json"),("user-agent","haskell-app"),("Authorization","<REDACTED>")]
  path                 = "/repos/robinweser/assign-styles/contributors"
  queryString          = "?page=1"
  method               = "GET"
  proxy                = Nothing
  rawBody              = False
  redirectCount        = 10
  responseTimeout      = ResponseTimeoutDefault
  requestVersion       = HTTP/1.1
}
 (InternalException (HostCannotConnect "api.github.com" [Network.Socket.connect: <socket: 6756>: failed (Connection timed out (WSAETIMEDOUT))]))),ConnectionError (HttpExceptionRequest Request {
  host                 = "api.github.com"
  port                 = 80
  secure               = False
  requestHeaders       = [("Accept","application/json;charset=utf-8,application/json"),("user-agent","haskell-app"),("Authorization","<REDACTED>")]
  path                 = "/repos/robinweser/bredon/contributors"
  queryString          = "?page=1"
  method               = "GET"
  proxy                = Nothing
  rawBody              = False
  redirectCount        = 10
  responseTimeout      = ResponseTimeoutDefault
  requestVersion       = HTTP/1.1
}
 (InternalException (HostCannotConnect "api.github.com" [Network.Socket.connect: <socket: 6072>: failed (Connection timed out (WSAETIMEDOUT))]))),ConnectionError (HttpExceptionRequest Request {
  host                 = "api.github.com"
  port                 = 80
  secure               = False
  requestHeaders       = [("Accept","application/json;charset=utf-8,application/json"),("user-agent","haskell-app"),("Authorization","<REDACTED>")]
  path                 = "/repos/robinweser/bs-locale-code/contributors"
  queryString          = "?page=1"
  method               = "GET"
  proxy                = Nothing
  rawBody              = False
  redirectCount        = 10
  responseTimeout      = ResponseTimeoutDefault
  requestVersion       = HTTP/1.1
}
 (InternalException (HostCannotConnect "api.github.com" [Network.Socket.connect: <socket: 5080>: failed (Connection timed out (WSAETIMEDOUT))]))),ConnectionError (HttpExceptionRequest Request {
  host                 = "api.github.com"
  port                 = 80
  secure               = False
  requestHeaders       = [("Accept","application/json;charset=utf-8,application/json"),("user-agent","haskell-app"),("Authorization","<REDACTED>")]
  path                 = "/repos/robinweser/Calculate.js/contributors"
  queryString          = "?page=1"
  method               = "GET"
  proxy                = Nothing
  rawBody              = False
  redirectCount        = 10
  responseTimeout      = ResponseTimeoutDefault
  requestVersion       = HTTP/1.1
}
 (InternalException (HostCannotConnect "api.github.com" [Network.Socket.connect: <socket: 4732>: failed (Connection timed out (WSAETIMEDOUT))]))),ConnectionError (HttpExceptionRequest Request {
  host                 = "api.github.com"
  port                 = 80
  secure               = False
  requestHeaders       = [("Accept","application/json;charset=utf-8,application/json"),("user-agent","haskell-app"),("Authorization","<REDACTED>")]
  path                 = "/repos/robinweser/css-in-js-utils/contributors"
  queryString          = "?page=1"
  method               = "GET"
  proxy                = Nothing
  rawBody              = False
  redirectCount        = 10
  responseTimeout      = ResponseTimeoutDefault
  requestVersion       = HTTP/1.1
}
 (InternalException (HostCannotConnect "api.github.com" [Network.Socket.connect: <socket: 3824>: failed (Connection timed out (WSAETIMEDOUT))]))),ConnectionError (HttpExceptionRequest Request {
  host                 = "api.github.com"
  port                 = 80
  secure               = False
  requestHeaders       = [("Accept","application/json;charset=utf-8,application/json"),("user-agent","haskell-app"),("Authorization","<REDACTED>")]
  path                 = "/repos/robinweser/doc-badges/contributors"
  queryString          = "?page=1"
  method               = "GET"
  proxy                = Nothing
  rawBody              = False
  redirectCount        = 10
  responseTimeout      = ResponseTimeoutDefault
  requestVersion       = HTTP/1.1
}
 (InternalException (HostCannotConnect "api.github.com" [Network.Socket.connect: <socket: 3396>: failed (Connection timed out (WSAETIMEDOUT))]))),ConnectionError (HttpExceptionRequest Request {
  host                 = "api.github.com"
  port                 = 80
  secure               = False
  requestHeaders       = [("Accept","application/json;charset=utf-8,application/json"),("user-agent","haskell-app"),("Authorization","<REDACTED>")]
  path                 = "/repos/robinweser/elodin/contributors"
  queryString          = "?page=1"
  method               = "GET"
  proxy                = Nothing
  rawBody              = False
  redirectCount        = 10
  responseTimeout      = ResponseTimeoutDefault
  requestVersion       = HTTP/1.1
}
 (InternalException (HostCannotConnect "api.github.com" [Network.Socket.connect: <socket: 648>: failed (Connection timed out (WSAETIMEDOUT))]))),ConnectionError (HttpExceptionRequest Request {
  host                 = "api.github.com"
  port                 = 80
  secure               = False
  requestHeaders       = [("Accept","application/json;charset=utf-8,application/json"),("user-agent","haskell-app"),("Authorization","<REDACTED>")]
  path                 = "/repos/robinweser/elodin-old/contributors"
  queryString          = "?page=1"
  method               = "GET"
  proxy                = Nothing
  rawBody              = False
  redirectCount        = 10
  responseTimeout      = ResponseTimeoutDefault
  requestVersion       = HTTP/1.1
}
 (InternalException (HostCannotConnect "api.github.com" [Network.Socket.connect: <socket: 6852>: failed (Connection timed out (WSAETIMEDOUT))]))),ConnectionError (HttpExceptionRequest Request {
  host                 = "api.github.com"
  port                 = 80
  secure               = False
  requestHeaders       = [("Accept","application/json;charset=utf-8,application/json"),("user-agent","haskell-app"),("Authorization","<REDACTED>")]
  path                 = "/repos/robinweser/fast-loops/contributors"
  queryString          = "?page=1"
  method               = "GET"
  proxy                = Nothing
  rawBody              = False
  redirectCount        = 10
  responseTimeout      = ResponseTimeoutDefault
  requestVersion       = HTTP/1.1
}
 (InternalException (HostCannotConnect "api.github.com" [Network.Socket.connect: <socket: 3936>: failed (Connection timed out (WSAETIMEDOUT))]))),ConnectionError (HttpExceptionRequest Request {
  host                 = "api.github.com"
  port                 = 80
  secure               = False
  requestHeaders       = [("Accept","application/json;charset=utf-8,application/json"),("user-agent","haskell-app"),("Authorization","<REDACTED>")]
  path                 = "/repos/robinweser/fela/contributors"
  queryString          = "?page=1"
  method               = "GET"
  proxy                = Nothing
  rawBody              = False
  redirectCount        = 10
  responseTimeout      = ResponseTimeoutDefault
  requestVersion       = HTTP/1.1
}
 (InternalException (HostCannotConnect "api.github.com" [Network.Socket.connect: <socket: 4240>: failed (Connection timed out (WSAETIMEDOUT))]))),ConnectionError (HttpExceptionRequest Request {
  host                 = "api.github.com"
  port                 = 80
  secure               = False
  requestHeaders       = [("Accept","application/json;charset=utf-8,application/json"),("user-agent","haskell-app"),("Authorization","<REDACTED>")]
  path                 = "/repos/robinweser/flow-semantic-versioning/contributors"
  queryString          = "?page=1"
  method               = "GET"
  proxy                = Nothing
  rawBody              = False
  redirectCount        = 10
  responseTimeout      = ResponseTimeoutDefault
  requestVersion       = HTTP/1.1
}
 (InternalException (HostCannotConnect "api.github.com" [Network.Socket.connect: <socket: 6856>: failed (Connection timed out (WSAETIMEDOUT))]))),ConnectionError (HttpExceptionRequest Request {
  host                 = "api.github.com"
  port                 = 80
  secure               = False
  requestHeaders       = [("Accept","application/json;charset=utf-8,application/json"),("user-agent","haskell-app"),("Authorization","<REDACTED>")]
  path                 = "/repos/robinweser/graphiql-explorer/contributors"
  queryString          = "?page=1"
  method               = "GET"
  proxy                = Nothing
  rawBody              = False
  redirectCount        = 10
  responseTimeout      = ResponseTimeoutDefault
  requestVersion       = HTTP/1.1
}
 (InternalException (HostCannotConnect "api.github.com" [Network.Socket.connect: <socket: 3664>: failed (Connection timed out (WSAETIMEDOUT))]))),ConnectionError (HttpExceptionRequest Request {
  host                 = "api.github.com"
  port                 = 80
  secure               = False
  requestHeaders       = [("Accept","application/json;charset=utf-8,application/json"),("user-agent","haskell-app"),("Authorization","<REDACTED>")]
  path                 = "/repos/robinweser/graphql-playground/contributors"
  queryString          = "?page=1"
  method               = "GET"
  proxy                = Nothing
  rawBody              = False
  redirectCount        = 10
  responseTimeout      = ResponseTimeoutDefault
  requestVersion       = HTTP/1.1
}
 (InternalException (HostCannotConnect "api.github.com" [Network.Socket.connect: <socket: 3916>: failed (Connection timed out (WSAETIMEDOUT))]))),ConnectionError (HttpExceptionRequest Request {
  host                 = "api.github.com"
  port                 = 80
  secure               = False
  requestHeaders       = [("Accept","application/json;charset=utf-8,application/json"),("user-agent","haskell-app"),("Authorization","<REDACTED>")]
  path                 = "/repos/robinweser/inline-style-expand-shorthand/contributors"
  queryString          = "?page=1"
  method               = "GET"
  proxy                = Nothing
  rawBody              = False
  redirectCount        = 10
  responseTimeout      = ResponseTimeoutDefault
  requestVersion       = HTTP/1.1
}
 (InternalException (HostCannotConnect "api.github.com" [Network.Socket.connect: <socket: 2332>: failed (Connection timed out (WSAETIMEDOUT))]))),ConnectionError (HttpExceptionRequest Request {
  host                 = "api.github.com"
  port                 = 80
  secure               = False
  requestHeaders       = [("Accept","application/json;charset=utf-8,application/json"),("user-agent","haskell-app"),("Authorization","<REDACTED>")]
  path                 = "/repos/robinweser/inline-style-prefix-all/contributors"
  queryString          = "?page=1"
  method               = "GET"
  proxy                = Nothing
  rawBody              = False
  redirectCount        = 10
  responseTimeout      = ResponseTimeoutDefault
  requestVersion       = HTTP/1.1
}
 (InternalException (HostCannotConnect "api.github.com" [Network.Socket.connect: <socket: 4380>: failed (Connection timed out (WSAETIMEDOUT))]))),ConnectionError (HttpExceptionRequest Request {
  host                 = "api.github.com"
  port                 = 80
  secure               = False
  requestHeaders       = [("Accept","application/json;charset=utf-8,application/json"),("user-agent","haskell-app"),("Authorization","<REDACTED>")]
  path                 = "/repos/robinweser/inline-style-prefixer/contributors"
  queryString          = "?page=1"
  method               = "GET"
  proxy                = Nothing
  rawBody              = False
  redirectCount        = 10
  responseTimeout      = ResponseTimeoutDefault
  requestVersion       = HTTP/1.1
}
 (InternalException (HostCannotConnect "api.github.com" [Network.Socket.connect: <socket: 2080>: failed (Connection timed out (WSAETIMEDOUT))]))),ConnectionError (HttpExceptionRequest Request {
  host                 = "api.github.com"
  port                 = 80
  secure               = False
  requestHeaders       = [("Accept","application/json;charset=utf-8,application/json"),("user-agent","haskell-app"),("Authorization","<REDACTED>")]
  path                 = "/repos/robinweser/inline-style-transformer/contributors"
  queryString          = "?page=1"
  method               = "GET"
  proxy                = Nothing
  rawBody              = False
  redirectCount        = 10
  responseTimeout      = ResponseTimeoutDefault
  requestVersion       = HTTP/1.1
}
 (InternalException (HostCannotConnect "api.github.com" [Network.Socket.connect: <socket: 6888>: failed (Connection timed out (WSAETIMEDOUT))]))),ConnectionError (HttpExceptionRequest Request {
  host                 = "api.github.com"
  port                 = 80
  secure               = False
  requestHeaders       = [("Accept","application/json;charset=utf-8,application/json"),("user-agent","haskell-app"),("Authorization","<REDACTED>")]
  path                 = "/repos/robinweser/js.org/contributors"
  queryString          = "?page=1"
  method               = "GET"
  proxy                = Nothing
  rawBody              = False
  redirectCount        = 10
  responseTimeout      = ResponseTimeoutDefault
  requestVersion       = HTTP/1.1
}
 (InternalException (HostCannotConnect "api.github.com" [Network.Socket.connect: <socket: 6948>: failed (Connection timed out (WSAETIMEDOUT))]))),ConnectionError (HttpExceptionRequest Request {
  host                 = "api.github.com"
  port                 = 80
  secure               = False
  requestHeaders       = [("Accept","application/json;charset=utf-8,application/json"),("user-agent","haskell-app"),("Authorization","<REDACTED>")]
  path                 = "/repos/robinweser/kilvin/contributors"
  queryString          = "?page=1"
  method               = "GET"
  proxy                = Nothing
  rawBody              = False
  redirectCount        = 10
  responseTimeout      = ResponseTimeoutDefault
  requestVersion       = HTTP/1.1
}
 (InternalException (HostCannotConnect "api.github.com" [Network.Socket.connect: <socket: 1088>: failed (Connection timed out (WSAETIMEDOUT))]))),ConnectionError (HttpExceptionRequest Request {
  host                 = "api.github.com"
  port                 = 80
  secure               = False
  requestHeaders       = [("Accept","application/json;charset=utf-8,application/json"),("user-agent","haskell-app"),("Authorization","<REDACTED>")]
  path                 = "/repos/robinweser/next.js/contributors"
  queryString          = "?page=1"
  method               = "GET"
  proxy                = Nothing
  rawBody              = False
  redirectCount        = 10
  responseTimeout      = ResponseTimeoutDefault
  requestVersion       = HTTP/1.1
}
 (InternalException (HostCannotConnect "api.github.com" [Network.Socket.connect: <socket: 6944>: failed (Connection timed out (WSAETIMEDOUT))]))),ConnectionError (HttpExceptionRequest Request {
  host                 = "api.github.com"
  port                 = 80
  secure               = False
  requestHeaders       = [("Accept","application/json;charset=utf-8,application/json"),("user-agent","haskell-app"),("Authorization","<REDACTED>")]
  path                 = "/repos/robinweser/Obscene-Core/contributors"
  queryString          = "?page=1"
  method               = "GET"
  proxy                = Nothing
  rawBody              = False
  redirectCount        = 10
  responseTimeout      = ResponseTimeoutDefault
  requestVersion       = HTTP/1.1
}
 (InternalException (HostCannotConnect "api.github.com" [Network.Socket.connect: <socket: 3388>: failed (Connection timed out (WSAETIMEDOUT))]))),ConnectionError (HttpExceptionRequest Request {
  host                 = "api.github.com"
  port                 = 80
  secure               = False
  requestHeaders       = [("Accept","application/json;charset=utf-8,application/json"),("user-agent","haskell-app"),("Authorization","<REDACTED>")]
  path                 = "/repos/robinweser/Obscene-UI/contributors"
  queryString          = "?page=1"
  method               = "GET"
  proxy                = Nothing
  rawBody              = False
  redirectCount        = 10
  responseTimeout      = ResponseTimeoutDefault
  requestVersion       = HTTP/1.1
}
 (InternalException (HostCannotConnect "api.github.com" [Network.Socket.connect: <socket: 6960>: failed (Connection timed out (WSAETIMEDOUT))]))),ConnectionError (HttpExceptionRequest Request {
  host                 = "api.github.com"
  port                 = 80
  secure               = False
  requestHeaders       = [("Accept","application/json;charset=utf-8,application/json"),("user-agent","haskell-app"),("Authorization","<REDACTED>")]
  path                 = "/repos/robinweser/onegraph-examples/contributors"
  queryString          = "?page=1"
  method               = "GET"
  proxy                = Nothing
  rawBody              = False
  redirectCount        = 10
  responseTimeout      = ResponseTimeoutDefault
  requestVersion       = HTTP/1.1
}
 (InternalException (HostCannotConnect "api.github.com" [Network.Socket.connect: <socket: 6860>: failed (Connection timed out (WSAETIMEDOUT))]))),ConnectionError (HttpExceptionRequest Request {
  host                 = "api.github.com"
  port                 = 80
  secure               = False
  requestHeaders       = [("Accept","application/json;charset=utf-8,application/json"),("user-agent","haskell-app"),("Authorization","<REDACTED>")]
  path                 = "/repos/robinweser/Perfect-Font/contributors"
  queryString          = "?page=1"
  method               = "GET"
  proxy                = Nothing
  rawBody              = False
  redirectCount        = 10
  responseTimeout      = ResponseTimeoutDefault
  requestVersion       = HTTP/1.1
}
 (InternalException (HostCannotConnect "api.github.com" [Network.Socket.connect: <socket: 6904>: failed (Connection timed out (WSAETIMEDOUT))]))),ConnectionError (HttpExceptionRequest Request {
  host                 = "api.github.com"
  port                 = 80
  secure               = False
  requestHeaders       = [("Accept","application/json;charset=utf-8,application/json"),("user-agent","haskell-app"),("Authorization","<REDACTED>")]
  path                 = "/repos/robinweser/Pfadiralala-IV/contributors"
  queryString          = "?page=1"
  method               = "GET"
  proxy                = Nothing
  rawBody              = False
  redirectCount        = 10
  responseTimeout      = ResponseTimeoutDefault
  requestVersion       = HTTP/1.1
}
 (InternalException (HostCannotConnect "api.github.com" [Network.Socket.connect: <socket: 6812>: failed (Connection timed out (WSAETIMEDOUT))]))),ConnectionError (HttpExceptionRequest Request {
  host                 = "api.github.com"
  port                 = 80
  secure               = False
  requestHeaders       = [("Accept","application/json;charset=utf-8,application/json"),("user-agent","haskell-app"),("Authorization","<REDACTED>")]
  path                 = "/repos/robinweser/pogolookup/contributors"
  queryString          = "?page=1"
  method               = "GET"
  proxy                = Nothing
  rawBody              = False
  redirectCount        = 10
  responseTimeout      = ResponseTimeoutDefault
  requestVersion       = HTTP/1.1
}
 (InternalException (HostCannotConnect "api.github.com" [Network.Socket.connect: <socket: 5984>: failed (Connection timed out (WSAETIMEDOUT))]))),ConnectionError (HttpExceptionRequest Request {
  host                 = "api.github.com"
  port                 = 80
  secure               = False
  requestHeaders       = [("Accept","application/json;charset=utf-8,application/json"),("user-agent","haskell-app"),("Authorization","<REDACTED>")]
  path                 = "/repos/robinweser/radium-plugin-linter/contributors"
  queryString          = "?page=1"
  method               = "GET"
  proxy                = Nothing
  rawBody              = False
  redirectCount        = 10
  responseTimeout      = ResponseTimeoutDefault
  requestVersion       = HTTP/1.1
}
 (InternalException (HostCannotConnect "api.github.com" [Network.Socket.connect: <socket: 6824>: failed (Connection timed out (WSAETIMEDOUT))]))),ConnectionError (HttpExceptionRequest Request {
  host                 = "api.github.com"
  port                 = 80
  secure               = False
  requestHeaders       = [("Accept","application/json;charset=utf-8,application/json"),("user-agent","haskell-app"),("Authorization","<REDACTED>")]
  path                 = "/repos/robinweser/radium-plugin-prefix-all/contributors"
  queryString          = "?page=1"
  method               = "GET"
  proxy                = Nothing
  rawBody              = False
  redirectCount        = 10
  responseTimeout      = ResponseTimeoutDefault
  requestVersion       = HTTP/1.1
}
 (InternalException (HostCannotConnect "api.github.com" [Network.Socket.connect: <socket: 6876>: failed (Connection timed out (WSAETIMEDOUT))]))),ConnectionError (HttpExceptionRequest Request {
  host                 = "api.github.com"
  port                 = 80
  secure               = False
  requestHeaders       = [("Accept","application/json;charset=utf-8,application/json"),("user-agent","haskell-app"),("Authorization","<REDACTED>")]
  path                 = "/repos/robinweser/react-controlled-form/contributors"
  queryString          = "?page=1"
  method               = "GET"
  proxy                = Nothing
  rawBody              = False
  redirectCount        = 10
  responseTimeout      = ResponseTimeoutDefault
  requestVersion       = HTTP/1.1
}
 (InternalException (HostCannotConnect "api.github.com" [Network.Socket.connect: <socket: 6868>: failed (Connection timed out (WSAETIMEDOUT))]))),ConnectionError (HttpExceptionRequest Request {
  host                 = "api.github.com"
  port                 = 80
  secure               = False
  requestHeaders       = [("Accept","application/json;charset=utf-8,application/json"),("user-agent","haskell-app"),("Authorization","<REDACTED>")]
  path                 = "/repos/robinweser/react-css-component/contributors"
  queryString          = "?page=1"
  method               = "GET"
  proxy                = Nothing
  rawBody              = False
  redirectCount        = 10
  responseTimeout      = ResponseTimeoutDefault
  requestVersion       = HTTP/1.1
}
 (InternalException (HostCannotConnect "api.github.com" [Network.Socket.connect: <socket: 4528>: failed (Connection timed out (WSAETIMEDOUT))]))),ConnectionError (HttpExceptionRequest Request {
  host                 = "api.github.com"
  port                 = 80
  secure               = False
  requestHeaders       = [("Accept","application/json;charset=utf-8,application/json"),("user-agent","haskell-app"),("Authorization","<REDACTED>")]
  path                 = "/repos/robinweser/react-layout-components/contributors"
  queryString          = "?page=1"
  method               = "GET"
  proxy                = Nothing
  rawBody              = False
  redirectCount        = 10
  responseTimeout      = ResponseTimeoutDefault
  requestVersion       = HTTP/1.1
}
 (InternalException (HostCannotConnect "api.github.com" [Network.Socket.connect: <socket: 5916>: failed (Connection timed out (WSAETIMEDOUT))]))),ConnectionError (HttpExceptionRequest Request {
  host                 = "api.github.com"
  port                 = 80
  secure               = False
  requestHeaders       = [("Accept","application/json;charset=utf-8,application/json"),("user-agent","haskell-app"),("Authorization","<REDACTED>")]
  path                 = "/repos/robinweser/react-look/contributors"
  queryString          = "?page=1"
  method               = "GET"
  proxy                = Nothing
  rawBody              = False
  redirectCount        = 10
  responseTimeout      = ResponseTimeoutDefault
  requestVersion       = HTTP/1.1
}
 (InternalException (HostCannotConnect "api.github.com" [Network.Socket.connect: <socket: 1636>: failed (Connection timed out (WSAETIMEDOUT))]))),ConnectionError (HttpExceptionRequest Request {
  host                 = "api.github.com"
  port                 = 80
  secure               = False
  requestHeaders       = [("Accept","application/json;charset=utf-8,application/json"),("user-agent","haskell-app"),("Authorization","<REDACTED>")]
  path                 = "/repos/robinweser/react-markdown-github-renderers/contributors"
  queryString          = "?page=1"
  method               = "GET"
  proxy                = Nothing
  rawBody              = False
  redirectCount        = 10
  responseTimeout      = ResponseTimeoutDefault
  requestVersion       = HTTP/1.1
}
 (InternalException (HostCannotConnect "api.github.com" [Network.Socket.connect: <socket: 6896>: failed (Connection timed out (WSAETIMEDOUT))]))),ConnectionError (HttpExceptionRequest Request {
  host                 = "api.github.com"
  port                 = 80
  secure               = False
  requestHeaders       = [("Accept","application/json;charset=utf-8,application/json"),("user-agent","haskell-app"),("Authorization","<REDACTED>")]
  path                 = "/repos/robinweser/react-onegraph/contributors"
  queryString          = "?page=1"
  method               = "GET"
  proxy                = Nothing
  rawBody              = False
  redirectCount        = 10
  responseTimeout      = ResponseTimeoutDefault
  requestVersion       = HTTP/1.1
}
 (InternalException (HostCannotConnect "api.github.com" [Network.Socket.connect: <socket: 2616>: failed (Connection timed out (WSAETIMEDOUT))]))),ConnectionError (HttpExceptionRequest Request {
  host                 = "api.github.com"
  port                 = 80
  secure               = False
  requestHeaders       = [("Accept","application/json;charset=utf-8,application/json"),("user-agent","haskell-app"),("Authorization","<REDACTED>")]
  path                 = "/repos/robinweser/react-pdf/contributors"
  queryString          = "?page=1"
  method               = "GET"
  proxy                = Nothing
  rawBody              = False
  redirectCount        = 10
  responseTimeout      = ResponseTimeoutDefault
  requestVersion       = HTTP/1.1
}
 (InternalException (HostCannotConnect "api.github.com" [Network.Socket.connect: <socket: 1888>: failed (Connection timed out (WSAETIMEDOUT))]))),ConnectionError (HttpExceptionRequest Request {
  host                 = "api.github.com"
  port                 = 80
  secure               = False
  requestHeaders       = [("Accept","application/json;charset=utf-8,application/json"),("user-agent","haskell-app"),("Authorization","<REDACTED>")]
  path                 = "/repos/robinweser/read-transform-write/contributors"
  queryString          = "?page=1"
  method               = "GET"
  proxy                = Nothing
  rawBody              = False
  redirectCount        = 10
  responseTimeout      = ResponseTimeoutDefault
  requestVersion       = HTTP/1.1
}
 (InternalException (HostCannotConnect "api.github.com" [Network.Socket.connect: <socket: 5632>: failed (Connection timed out (WSAETIMEDOUT))]))),ConnectionError (HttpExceptionRequest Request {
  host                 = "api.github.com"
  port                 = 80
  secure               = False
  requestHeaders       = [("Accept","application/json;charset=utf-8,application/json"),("user-agent","haskell-app"),("Authorization","<REDACTED>")]
  path                 = "/repos/robinweser/reason-urql/contributors"
  queryString          = "?page=1"
  method               = "GET"
  proxy                = Nothing
  rawBody              = False
  redirectCount        = 10
  responseTimeout      = ResponseTimeoutDefault
  requestVersion       = HTTP/1.1
}
 (InternalException (HostCannotConnect "api.github.com" [Network.Socket.connect: <socket: 6872>: failed (Connection timed out (WSAETIMEDOUT))]))),ConnectionError (HttpExceptionRequest Request {
  host                 = "api.github.com"
  port                 = 80
  secure               = False
  requestHeaders       = [("Accept","application/json;charset=utf-8,application/json"),("user-agent","haskell-app"),("Authorization","<REDACTED>")]
  path                 = "/repos/robinweser/rescript-lang.org/contributors"
  queryString          = "?page=1"
  method               = "GET"
  proxy                = Nothing
  rawBody              = False
  redirectCount        = 10
  responseTimeout      = ResponseTimeoutDefault
  requestVersion       = HTTP/1.1
}
 (InternalException (HostCannotConnect "api.github.com" [Network.Socket.connect: <socket: 2928>: failed (Connection timed out (WSAETIMEDOUT))]))),ConnectionError (HttpExceptionRequest Request {
  host                 = "api.github.com"
  port                 = 80
  secure               = False
  requestHeaders       = [("Accept","application/json;charset=utf-8,application/json"),("user-agent","haskell-app"),("Authorization","<REDACTED>")]
  path                 = "/repos/robinweser/rofrischmann/contributors"
  queryString          = "?page=1"
  method               = "GET"
  proxy                = Nothing
  rawBody              = False
  redirectCount        = 10
  responseTimeout      = ResponseTimeoutDefault
  requestVersion       = HTTP/1.1
}
 (InternalException (HostCannotConnect "api.github.com" [Network.Socket.connect: <socket: 2104>: failed (Connection timed out (WSAETIMEDOUT))]))),ConnectionError (HttpExceptionRequest Request {
  host                 = "api.github.com"
  port                 = 80
  secure               = False
  requestHeaders       = [("Accept","application/json;charset=utf-8,application/json"),("user-agent","haskell-app"),("Authorization","<REDACTED>")]
  path                 = "/repos/robinweser/small-color/contributors"
  queryString          = "?page=1"
  method               = "GET"
  proxy                = Nothing
  rawBody              = False
  redirectCount        = 10
  responseTimeout      = ResponseTimeoutDefault
  requestVersion       = HTTP/1.1
}
 (InternalException (HostCannotConnect "api.github.com" [Network.Socket.connect: <socket: 6880>: failed (Connection timed out (WSAETIMEDOUT))]))),ConnectionError (HttpExceptionRequest Request {
  host                 = "api.github.com"
  port                 = 80
  secure               = False
  requestHeaders       = [("Accept","application/json;charset=utf-8,application/json"),("user-agent","haskell-app"),("Authorization","<REDACTED>")]
  path                 = "/repos/robinweser/speaking/contributors"
  queryString          = "?page=1"
  method               = "GET"
  proxy                = Nothing
  rawBody              = False
  redirectCount        = 10
  responseTimeout      = ResponseTimeoutDefault
  requestVersion       = HTTP/1.1
}
 (InternalException (HostCannotConnect "api.github.com" [Network.Socket.connect: <socket: 4672>: failed (Connection timed out (WSAETIMEDOUT))]))),ConnectionError (HttpExceptionRequest Request {
  host                 = "api.github.com"
  port                 = 80
  secure               = False
  requestHeaders       = [("Accept","application/json;charset=utf-8,application/json"),("user-agent","haskell-app"),("Authorization","<REDACTED>")]
  path                 = "/repos/robinweser/stamm-luchs/contributors"
  queryString          = "?page=1"
  method               = "GET"
  proxy                = Nothing
  rawBody              = False
  redirectCount        = 10
  responseTimeout      = ResponseTimeoutDefault
  requestVersion       = HTTP/1.1
}
 (InternalException (HostCannotConnect "api.github.com" [Network.Socket.connect: <socket: 3892>: failed (Connection timed out (WSAETIMEDOUT))]))),ConnectionError (HttpExceptionRequest Request {
  host                 = "api.github.com"
  port                 = 80
  secure               = False
  requestHeaders       = [("Accept","application/json;charset=utf-8,application/json"),("user-agent","haskell-app"),("Authorization","<REDACTED>")]
  path                 = "/repos/robinweser/theme-centric-component-design/contributors"
  queryString          = "?page=1"
  method               = "GET"
  proxy                = Nothing
  rawBody              = False
  redirectCount        = 10
  responseTimeout      = ResponseTimeoutDefault
  requestVersion       = HTTP/1.1
}
 (InternalException (HostCannotConnect "api.github.com" [Network.Socket.connect: <socket: 3884>: failed (Connection timed out (WSAETIMEDOUT))]))),ConnectionError (HttpExceptionRequest Request {
  host                 = "api.github.com"
  port                 = 80
  secure               = False
  requestHeaders       = [("Accept","application/json;charset=utf-8,application/json"),("user-agent","haskell-app"),("Authorization","<REDACTED>")]
  path                 = "/repos/robinweser/tokenize-sync/contributors"
  queryString          = "?page=1"
  method               = "GET"
  proxy                = Nothing
  rawBody              = False
  redirectCount        = 10
  responseTimeout      = ResponseTimeoutDefault
  requestVersion       = HTTP/1.1
}
 (InternalException (HostCannotConnect "api.github.com" [Network.Socket.connect: <socket: 3896>: failed (Connection timed out (WSAETIMEDOUT))]))),ConnectionError (HttpExceptionRequest Request {
  host                 = "api.github.com"
  port                 = 80
  secure               = False
  requestHeaders       = [("Accept","application/json;charset=utf-8,application/json"),("user-agent","haskell-app"),("Authorization","<REDACTED>")]
  path                 = "/repos/robinweser/unitless-css-property/contributors"
  queryString          = "?page=1"
  method               = "GET"
  proxy                = Nothing
  rawBody              = False
  redirectCount        = 10
  responseTimeout      = ResponseTimeoutDefault
  requestVersion       = HTTP/1.1
}
 (InternalException (HostCannotConnect "api.github.com" [Network.Socket.connect: <socket: 6884>: failed (Connection timed out (WSAETIMEDOUT))]))),ConnectionError (HttpExceptionRequest Request {
  host                 = "api.github.com"
  port                 = 80
  secure               = False
  requestHeaders       = [("Accept","application/json;charset=utf-8,application/json"),("user-agent","haskell-app"),("Authorization","<REDACTED>")]
  path                 = "/repos/robinweser/unverschaemt/contributors"
  queryString          = "?page=1"
  method               = "GET"
  proxy                = Nothing
  rawBody              = False
  redirectCount        = 10
  responseTimeout      = ResponseTimeoutDefault
  requestVersion       = HTTP/1.1
}
 (InternalException (HostCannotConnect "api.github.com" [Network.Socket.connect: <socket: 5980>: failed (Connection timed out (WSAETIMEDOUT))]))),ConnectionError (HttpExceptionRequest Request {
  host                 = "api.github.com"
  port                 = 80
  secure               = False
  requestHeaders       = [("Accept","application/json;charset=utf-8,application/json"),("user-agent","haskell-app"),("Authorization","<REDACTED>")]
  path                 = "/repos/robinweser/vocabulary/contributors"
  queryString          = "?page=1"
  method               = "GET"
  proxy                = Nothing
  rawBody              = False
  redirectCount        = 10
  responseTimeout      = ResponseTimeoutDefault
  requestVersion       = HTTP/1.1
}
 (InternalException (HostCannotConnect "api.github.com" [Network.Socket.connect: <socket: 3184>: failed (Connection timed out (WSAETIMEDOUT))])))]no highest contributor found. terminating nowtrying to get HugoGiraudel's reposHugoGiraudel's repos are: ama, aoc-2020, awesome-sass, Countdown.js, CRUD.js, css3-pratique, cypress-5570, dependency-checker, dotfiles, eleventy-plugin-footnotes, espi-devblog, fela, github-release-search, hangman.js, hugogiraudel.com, ImagePreloader, inline-styler, jekyll-boilerplate, jekyll-styleguide, map-dater, node-legofy, PHP-hangman-game, react-a11y-dialog, react-a11y-footnotes, react-menu-button, react-workshop, sass-boilerplate, sass-compatibility, sass-guidelines, sass-semver, SassyBitwise, SassyCast, SassyGradients, SassyIteratorsGenerators, SassyJSON, SassyLogger, SassyMatrix, SassySort, SassyStrings, SassyTester, scrabble-helper, selectors-explained, SJSJ, squoosh, sudoku-solver, thesassway.com[]the highest contributor in HugoGiraudel's repos is RepoContributor {login = "robinweser", contributions = 1317}executing `neimhin'sFunc` for RepoContributor {login = "robinweser", contributions = 1317}trying to get robinweser's reposrobinweser's repos are: alveron, alveron-old, assign-styles, bredon, bs-locale-code, Calculate.js, css-in-js-utils, doc-badges, elodin, elodin-old, fast-loops, fela, flow-semantic-versioning, graphiql-explorer, graphql-playground, inline-style-expand-shorthand, inline-style-prefix-all, inline-style-prefixer, inline-style-transformer, js.org, kilvin, next.js, Obscene-Core, Obscene-UI, onegraph-examples, Perfect-Font, Pfadiralala-IV, pogolookup, radium-plugin-linter, radium-plugin-prefix-all, react-controlled-form, react-css-component, react-layout-components, react-look, react-markdown-github-renderers, react-onegraph, react-pdf, read-transform-write, reason-urql, rescript-lang.org, rofrischmann, small-color, speaking, stamm-luchs, theme-centric-component-design, tokenize-sync, unitless-css-property, unverschaemt, vocabulary[ConnectionError (HttpExceptionRequest Request {
  host                 = "api.github.com"
  port                 = 80
  secure               = False
  requestHeaders       = [("Accept","application/json;charset=utf-8,application/json"),("user-agent","haskell-app"),("Authorization","<REDACTED>")]
  path                 = "/repos/robinweser/alveron/contributors"
  queryString          = "?page=1"
  method               = "GET"
  proxy                = Nothing
  rawBody              = False
  redirectCount        = 10
  responseTimeout      = ResponseTimeoutDefault
  requestVersion       = HTTP/1.1
}
 (InternalException (HostCannotConnect "api.github.com" [Network.Socket.connect: <socket: 816>: failed (Connection timed out (WSAETIMEDOUT))]))),ConnectionError (HttpExceptionRequest Request {
  host                 = "api.github.com"
  port                 = 80
  secure               = False
  requestHeaders       = [("Accept","application/json;charset=utf-8,application/json"),("user-agent","haskell-app"),("Authorization","<REDACTED>")]
  path                 = "/repos/robinweser/alveron-old/contributors"
  queryString          = "?page=1"
  method               = "GET"
  proxy                = Nothing
  rawBody              = False
  redirectCount        = 10
  responseTimeout      = ResponseTimeoutDefault
  requestVersion       = HTTP/1.1
}
 (InternalException (HostCannotConnect "api.github.com" [Network.Socket.connect: <socket: 3524>: failed (Connection timed out (WSAETIMEDOUT))]))),ConnectionError (HttpExceptionRequest Request {
  host                 = "api.github.com"
  port                 = 80
  secure               = False
  requestHeaders       = [("Accept","application/json;charset=utf-8,application/json"),("user-agent","haskell-app"),("Authorization","<REDACTED>")]
  path                 = "/repos/robinweser/assign-styles/contributors"
  queryString          = "?page=1"
  method               = "GET"
  proxy                = Nothing
  rawBody              = False
  redirectCount        = 10
  responseTimeout      = ResponseTimeoutDefault
  requestVersion       = HTTP/1.1
}
 (InternalException (HostCannotConnect "api.github.com" [Network.Socket.connect: <socket: 6544>: failed (Connection timed out (WSAETIMEDOUT))]))),ConnectionError (HttpExceptionRequest Request {
  host                 = "api.github.com"
  port                 = 80
  secure               = False
  requestHeaders       = [("Accept","application/json;charset=utf-8,application/json"),("user-agent","haskell-app"),("Authorization","<REDACTED>")]
  path                 = "/repos/robinweser/bredon/contributors"
  queryString          = "?page=1"
  method               = "GET"
  proxy                = Nothing
  rawBody              = False
  redirectCount        = 10
  responseTimeout      = ResponseTimeoutDefault
  requestVersion       = HTTP/1.1
}
 (InternalException (HostCannotConnect "api.github.com" [Network.Socket.connect: <socket: 5500>: failed (Connection timed out (WSAETIMEDOUT))]))),ConnectionError (HttpExceptionRequest Request {
  host                 = "api.github.com"
  port                 = 80
  secure               = False
  requestHeaders       = [("Accept","application/json;charset=utf-8,application/json"),("user-agent","haskell-app"),("Authorization","<REDACTED>")]
  path                 = "/repos/robinweser/bs-locale-code/contributors"
  queryString          = "?page=1"
  method               = "GET"
  proxy                = Nothing
  rawBody              = False
  redirectCount        = 10
  responseTimeout      = ResponseTimeoutDefault
  requestVersion       = HTTP/1.1
}
 (InternalException (HostCannotConnect "api.github.com" [Network.Socket.connect: <socket: 1872>: failed (Connection timed out (WSAETIMEDOUT))]))),ConnectionError (HttpExceptionRequest Request {
  host                 = "api.github.com"
  port                 = 80
  secure               = False
  requestHeaders       = [("Accept","application/json;charset=utf-8,application/json"),("user-agent","haskell-app"),("Authorization","<REDACTED>")]
  path                 = "/repos/robinweser/Calculate.js/contributors"
  queryString          = "?page=1"
  method               = "GET"
  proxy                = Nothing
  rawBody              = False
  redirectCount        = 10
  responseTimeout      = ResponseTimeoutDefault
  requestVersion       = HTTP/1.1
}
 (InternalException (HostCannotConnect "api.github.com" [Network.Socket.connect: <socket: 3512>: failed (Connection timed out (WSAETIMEDOUT))]))),ConnectionError (HttpExceptionRequest Request {
  host                 = "api.github.com"
  port                 = 80
  secure               = False
  requestHeaders       = [("Accept","application/json;charset=utf-8,application/json"),("user-agent","haskell-app"),("Authorization","<REDACTED>")]
  path                 = "/repos/robinweser/css-in-js-utils/contributors"
  queryString          = "?page=1"
  method               = "GET"
  proxy                = Nothing
  rawBody              = False
  redirectCount        = 10
  responseTimeout      = ResponseTimeoutDefault
  requestVersion       = HTTP/1.1
}
 (InternalException (HostCannotConnect "api.github.com" [Network.Socket.connect: <socket: 444>: failed (Connection timed out (WSAETIMEDOUT))]))),ConnectionError (HttpExceptionRequest Request {
  host                 = "api.github.com"
  port                 = 80
  secure               = False
  requestHeaders       = [("Accept","application/json;charset=utf-8,application/json"),("user-agent","haskell-app"),("Authorization","<REDACTED>")]
  path                 = "/repos/robinweser/doc-badges/contributors"
  queryString          = "?page=1"
  method               = "GET"
  proxy                = Nothing
  rawBody              = False
  redirectCount        = 10
  responseTimeout      = ResponseTimeoutDefault
  requestVersion       = HTTP/1.1
}
 (InternalException (HostCannotConnect "api.github.com" [Network.Socket.connect: <socket: 1956>: failed (Connection timed out (WSAETIMEDOUT))]))),ConnectionError (HttpExceptionRequest Request {
  host                 = "api.github.com"
  port                 = 80
  secure               = False
  requestHeaders       = [("Accept","application/json;charset=utf-8,application/json"),("user-agent","haskell-app"),("Authorization","<REDACTED>")]
  path                 = "/repos/robinweser/elodin/contributors"
  queryString          = "?page=1"
  method               = "GET"
  proxy                = Nothing
  rawBody              = False
  redirectCount        = 10
  responseTimeout      = ResponseTimeoutDefault
  requestVersion       = HTTP/1.1
}
 (InternalException (HostCannotConnect "api.github.com" [Network.Socket.connect: <socket: 1212>: failed (Connection timed out (WSAETIMEDOUT))]))),ConnectionError (HttpExceptionRequest Request {
  host                 = "api.github.com"
  port                 = 80
  secure               = False
  requestHeaders       = [("Accept","application/json;charset=utf-8,application/json"),("user-agent","haskell-app"),("Authorization","<REDACTED>")]
  path                 = "/repos/robinweser/elodin-old/contributors"
  queryString          = "?page=1"
  method               = "GET"
  proxy                = Nothing
  rawBody              = False
  redirectCount        = 10
  responseTimeout      = ResponseTimeoutDefault
  requestVersion       = HTTP/1.1
}
 (InternalException (HostCannotConnect "api.github.com" [Network.Socket.connect: <socket: 2244>: failed (Connection timed out (WSAETIMEDOUT))]))),ConnectionError (HttpExceptionRequest Request {
  host                 = "api.github.com"
  port                 = 80
  secure               = False
  requestHeaders       = [("Accept","application/json;charset=utf-8,application/json"),("user-agent","haskell-app"),("Authorization","<REDACTED>")]
  path                 = "/repos/robinweser/fast-loops/contributors"
  queryString          = "?page=1"
  method               = "GET"
  proxy                = Nothing
  rawBody              = False
  redirectCount        = 10
  responseTimeout      = ResponseTimeoutDefault
  requestVersion       = HTTP/1.1
}
 (InternalException (HostCannotConnect "api.github.com" [Network.Socket.connect: <socket: 1704>: failed (Connection timed out (WSAETIMEDOUT))]))),ConnectionError (HttpExceptionRequest Request {
  host                 = "api.github.com"
  port                 = 80
  secure               = False
  requestHeaders       = [("Accept","application/json;charset=utf-8,application/json"),("user-agent","haskell-app"),("Authorization","<REDACTED>")]
  path                 = "/repos/robinweser/fela/contributors"
  queryString          = "?page=1"
  method               = "GET"
  proxy                = Nothing
  rawBody              = False
  redirectCount        = 10
  responseTimeout      = ResponseTimeoutDefault
  requestVersion       = HTTP/1.1
}
 (InternalException (HostCannotConnect "api.github.com" [Network.Socket.connect: <socket: 2992>: failed (Connection timed out (WSAETIMEDOUT))]))),ConnectionError (HttpExceptionRequest Request {
  host                 = "api.github.com"
  port                 = 80
  secure               = False
  requestHeaders       = [("Accept","application/json;charset=utf-8,application/json"),("user-agent","haskell-app"),("Authorization","<REDACTED>")]
  path                 = "/repos/robinweser/flow-semantic-versioning/contributors"
  queryString          = "?page=1"
  method               = "GET"
  proxy                = Nothing
  rawBody              = False
  redirectCount        = 10
  responseTimeout      = ResponseTimeoutDefault
  requestVersion       = HTTP/1.1
}
 (InternalException (HostCannotConnect "api.github.com" [Network.Socket.connect: <socket: 4348>: failed (Connection timed out (WSAETIMEDOUT))]))),ConnectionError (HttpExceptionRequest Request {
  host                 = "api.github.com"
  port                 = 80
  secure               = False
  requestHeaders       = [("Accept","application/json;charset=utf-8,application/json"),("user-agent","haskell-app"),("Authorization","<REDACTED>")]
  path                 = "/repos/robinweser/graphiql-explorer/contributors"
  queryString          = "?page=1"
  method               = "GET"
  proxy                = Nothing
  rawBody              = False
  redirectCount        = 10
  responseTimeout      = ResponseTimeoutDefault
  requestVersion       = HTTP/1.1
}
 (InternalException (HostCannotConnect "api.github.com" [Network.Socket.connect: <socket: 1012>: failed (Connection timed out (WSAETIMEDOUT))]))),ConnectionError (HttpExceptionRequest Request {
  host                 = "api.github.com"
  port                 = 80
  secure               = False
  requestHeaders       = [("Accept","application/json;charset=utf-8,application/json"),("user-agent","haskell-app"),("Authorization","<REDACTED>")]
  path                 = "/repos/robinweser/graphql-playground/contributors"
  queryString          = "?page=1"
  method               = "GET"
  proxy                = Nothing
  rawBody              = False
  redirectCount        = 10
  responseTimeout      = ResponseTimeoutDefault
  requestVersion       = HTTP/1.1
}
 (InternalException (HostCannotConnect "api.github.com" [Network.Socket.connect: <socket: 6552>: failed (Connection timed out (WSAETIMEDOUT))]))),ConnectionError (HttpExceptionRequest Request {
  host                 = "api.github.com"
  port                 = 80
  secure               = False
  requestHeaders       = [("Accept","application/json;charset=utf-8,application/json"),("user-agent","haskell-app"),("Authorization","<REDACTED>")]
  path                 = "/repos/robinweser/inline-style-expand-shorthand/contributors"
  queryString          = "?page=1"
  method               = "GET"
  proxy                = Nothing
  rawBody              = False
  redirectCount        = 10
  responseTimeout      = ResponseTimeoutDefault
  requestVersion       = HTTP/1.1
}
 (InternalException (HostCannotConnect "api.github.com" [Network.Socket.connect: <socket: 1572>: failed (Connection timed out (WSAETIMEDOUT))]))),ConnectionError (HttpExceptionRequest Request {
  host                 = "api.github.com"
  port                 = 80
  secure               = False
  requestHeaders       = [("Accept","application/json;charset=utf-8,application/json"),("user-agent","haskell-app"),("Authorization","<REDACTED>")]
  path                 = "/repos/robinweser/inline-style-prefix-all/contributors"
  queryString          = "?page=1"
  method               = "GET"
  proxy                = Nothing
  rawBody              = False
  redirectCount        = 10
  responseTimeout      = ResponseTimeoutDefault
  requestVersion       = HTTP/1.1
}
 (InternalException (HostCannotConnect "api.github.com" [Network.Socket.connect: <socket: 4648>: failed (Connection timed out (WSAETIMEDOUT))]))),ConnectionError (HttpExceptionRequest Request {
  host                 = "api.github.com"
  port                 = 80
  secure               = False
  requestHeaders       = [("Accept","application/json;charset=utf-8,application/json"),("user-agent","haskell-app"),("Authorization","<REDACTED>")]
  path                 = "/repos/robinweser/inline-style-prefixer/contributors"
  queryString          = "?page=1"
  method               = "GET"
  proxy                = Nothing
  rawBody              = False
  redirectCount        = 10
  responseTimeout      = ResponseTimeoutDefault
  requestVersion       = HTTP/1.1
}
 (InternalException (HostCannotConnect "api.github.com" [Network.Socket.connect: <socket: 5456>: failed (Connection timed out (WSAETIMEDOUT))]))),ConnectionError (HttpExceptionRequest Request {
  host                 = "api.github.com"
  port                 = 80
  secure               = False
  requestHeaders       = [("Accept","application/json;charset=utf-8,application/json"),("user-agent","haskell-app"),("Authorization","<REDACTED>")]
  path                 = "/repos/robinweser/inline-style-transformer/contributors"
  queryString          = "?page=1"
  method               = "GET"
  proxy                = Nothing
  rawBody              = False
  redirectCount        = 10
  responseTimeout      = ResponseTimeoutDefault
  requestVersion       = HTTP/1.1
}
 (InternalException (HostCannotConnect "api.github.com" [Network.Socket.connect: <socket: 1964>: failed (Connection timed out (WSAETIMEDOUT))]))),ConnectionError (HttpExceptionRequest Request {
  host                 = "api.github.com"
  port                 = 80
  secure               = False
  requestHeaders       = [("Accept","application/json;charset=utf-8,application/json"),("user-agent","haskell-app"),("Authorization","<REDACTED>")]
  path                 = "/repos/robinweser/js.org/contributors"
  queryString          = "?page=1"
  method               = "GET"
  proxy                = Nothing
  rawBody              = False
  redirectCount        = 10
  responseTimeout      = ResponseTimeoutDefault
  requestVersion       = HTTP/1.1
}
 (InternalException (HostCannotConnect "api.github.com" [Network.Socket.connect: <socket: 2732>: failed (Connection timed out (WSAETIMEDOUT))]))),ConnectionError (HttpExceptionRequest Request {
  host                 = "api.github.com"
  port                 = 80
  secure               = False
  requestHeaders       = [("Accept","application/json;charset=utf-8,application/json"),("user-agent","haskell-app"),("Authorization","<REDACTED>")]
  path                 = "/repos/robinweser/kilvin/contributors"
  queryString          = "?page=1"
  method               = "GET"
  proxy                = Nothing
  rawBody              = False
  redirectCount        = 10
  responseTimeout      = ResponseTimeoutDefault
  requestVersion       = HTTP/1.1
}
 (InternalException (HostCannotConnect "api.github.com" [Network.Socket.connect: <socket: 1156>: failed (Connection timed out (WSAETIMEDOUT))]))),ConnectionError (HttpExceptionRequest Request {
  host                 = "api.github.com"
  port                 = 80
  secure               = False
  requestHeaders       = [("Accept","application/json;charset=utf-8,application/json"),("user-agent","haskell-app"),("Authorization","<REDACTED>")]
  path                 = "/repos/robinweser/next.js/contributors"
  queryString          = "?page=1"
  method               = "GET"
  proxy                = Nothing
  rawBody              = False
  redirectCount        = 10
  responseTimeout      = ResponseTimeoutDefault
  requestVersion       = HTTP/1.1
}
 (InternalException (HostCannotConnect "api.github.com" [Network.Socket.connect: <socket: 3432>: failed (Connection timed out (WSAETIMEDOUT))]))),ConnectionError (HttpExceptionRequest Request {
  host                 = "api.github.com"
  port                 = 80
  secure               = False
  requestHeaders       = [("Accept","application/json;charset=utf-8,application/json"),("user-agent","haskell-app"),("Authorization","<REDACTED>")]
  path                 = "/repos/robinweser/Obscene-Core/contributors"
  queryString          = "?page=1"
  method               = "GET"
  proxy                = Nothing
  rawBody              = False
  redirectCount        = 10
  responseTimeout      = ResponseTimeoutDefault
  requestVersion       = HTTP/1.1
}
 (InternalException (HostCannotConnect "api.github.com" [Network.Socket.connect: <socket: 5192>: failed (Connection timed out (WSAETIMEDOUT))]))),ConnectionError (HttpExceptionRequest Request {
  host                 = "api.github.com"
  port                 = 80
  secure               = False
  requestHeaders       = [("Accept","application/json;charset=utf-8,application/json"),("user-agent","haskell-app"),("Authorization","<REDACTED>")]
  path                 = "/repos/robinweser/Obscene-UI/contributors"
  queryString          = "?page=1"
  method               = "GET"
  proxy                = Nothing
  rawBody              = False
  redirectCount        = 10
  responseTimeout      = ResponseTimeoutDefault
  requestVersion       = HTTP/1.1
}
 (InternalException (HostCannotConnect "api.github.com" [Network.Socket.connect: <socket: 2636>: failed (Connection timed out (WSAETIMEDOUT))]))),ConnectionError (HttpExceptionRequest Request {
  host                 = "api.github.com"
  port                 = 80
  secure               = False
  requestHeaders       = [("Accept","application/json;charset=utf-8,application/json"),("user-agent","haskell-app"),("Authorization","<REDACTED>")]
  path                 = "/repos/robinweser/onegraph-examples/contributors"
  queryString          = "?page=1"
  method               = "GET"
  proxy                = Nothing
  rawBody              = False
  redirectCount        = 10
  responseTimeout      = ResponseTimeoutDefault
  requestVersion       = HTTP/1.1
}
 (InternalException (HostCannotConnect "api.github.com" [Network.Socket.connect: <socket: 3496>: failed (Connection timed out (WSAETIMEDOUT))]))),ConnectionError (HttpExceptionRequest Request {
  host                 = "api.github.com"
  port                 = 80
  secure               = False
  requestHeaders       = [("Accept","application/json;charset=utf-8,application/json"),("user-agent","haskell-app"),("Authorization","<REDACTED>")]
  path                 = "/repos/robinweser/Perfect-Font/contributors"
  queryString          = "?page=1"
  method               = "GET"
  proxy                = Nothing
  rawBody              = False
  redirectCount        = 10
  responseTimeout      = ResponseTimeoutDefault
  requestVersion       = HTTP/1.1
}
 (InternalException (HostCannotConnect "api.github.com" [Network.Socket.connect: <socket: 1632>: failed (Connection timed out (WSAETIMEDOUT))]))),ConnectionError (HttpExceptionRequest Request {
  host                 = "api.github.com"
  port                 = 80
  secure               = False
  requestHeaders       = [("Accept","application/json;charset=utf-8,application/json"),("user-agent","haskell-app"),("Authorization","<REDACTED>")]
  path                 = "/repos/robinweser/Pfadiralala-IV/contributors"
  queryString          = "?page=1"
  method               = "GET"
  proxy                = Nothing
  rawBody              = False
  redirectCount        = 10
  responseTimeout      = ResponseTimeoutDefault
  requestVersion       = HTTP/1.1
}
 (InternalException (HostCannotConnect "api.github.com" [Network.Socket.connect: <socket: 1860>: failed (Connection timed out (WSAETIMEDOUT))]))),ConnectionError (HttpExceptionRequest Request {
  host                 = "api.github.com"
  port                 = 80
  secure               = False
  requestHeaders       = [("Accept","application/json;charset=utf-8,application/json"),("user-agent","haskell-app"),("Authorization","<REDACTED>")]
  path                 = "/repos/robinweser/pogolookup/contributors"
  queryString          = "?page=1"
  method               = "GET"
  proxy                = Nothing
  rawBody              = False
  redirectCount        = 10
  responseTimeout      = ResponseTimeoutDefault
  requestVersion       = HTTP/1.1
}
 (InternalException (HostCannotConnect "api.github.com" [Network.Socket.connect: <socket: 2656>: failed (Connection timed out (WSAETIMEDOUT))]))),ConnectionError (HttpExceptionRequest Request {
  host                 = "api.github.com"
  port                 = 80
  secure               = False
  requestHeaders       = [("Accept","application/json;charset=utf-8,application/json"),("user-agent","haskell-app"),("Authorization","<REDACTED>")]
  path                 = "/repos/robinweser/radium-plugin-linter/contributors"
  queryString          = "?page=1"
  method               = "GET"
  proxy                = Nothing
  rawBody              = False
  redirectCount        = 10
  responseTimeout      = ResponseTimeoutDefault
  requestVersion       = HTTP/1.1
}
 (InternalException (HostCannotConnect "api.github.com" [Network.Socket.connect: <socket: 1600>: failed (Connection timed out (WSAETIMEDOUT))]))),ConnectionError (HttpExceptionRequest Request {
  host                 = "api.github.com"
  port                 = 80
  secure               = False
  requestHeaders       = [("Accept","application/json;charset=utf-8,application/json"),("user-agent","haskell-app"),("Authorization","<REDACTED>")]
  path                 = "/repos/robinweser/radium-plugin-prefix-all/contributors"
  queryString          = "?page=1"
  method               = "GET"
  proxy                = Nothing
  rawBody              = False
  redirectCount        = 10
  responseTimeout      = ResponseTimeoutDefault
  requestVersion       = HTTP/1.1
}
 (InternalException (HostCannotConnect "api.github.com" [Network.Socket.connect: <socket: 4220>: failed (Connection timed out (WSAETIMEDOUT))]))),ConnectionError (HttpExceptionRequest Request {
  host                 = "api.github.com"
  port                 = 80
  secure               = False
  requestHeaders       = [("Accept","application/json;charset=utf-8,application/json"),("user-agent","haskell-app"),("Authorization","<REDACTED>")]
  path                 = "/repos/robinweser/react-controlled-form/contributors"
  queryString          = "?page=1"
  method               = "GET"
  proxy                = Nothing
  rawBody              = False
  redirectCount        = 10
  responseTimeout      = ResponseTimeoutDefault
  requestVersion       = HTTP/1.1
}
 (InternalException (HostCannotConnect "api.github.com" [Network.Socket.connect: <socket: 2052>: failed (Connection timed out (WSAETIMEDOUT))]))),ConnectionError (HttpExceptionRequest Request {
  host                 = "api.github.com"
  port                 = 80
  secure               = False
  requestHeaders       = [("Accept","application/json;charset=utf-8,application/json"),("user-agent","haskell-app"),("Authorization","<REDACTED>")]
  path                 = "/repos/robinweser/react-css-component/contributors"
  queryString          = "?page=1"
  method               = "GET"
  proxy                = Nothing
  rawBody              = False
  redirectCount        = 10
  responseTimeout      = ResponseTimeoutDefault
  requestVersion       = HTTP/1.1
}
 (InternalException (HostCannotConnect "api.github.com" [Network.Socket.connect: <socket: 988>: failed (Connection timed out (WSAETIMEDOUT))]))),ConnectionError (HttpExceptionRequest Request {
  host                 = "api.github.com"
  port                 = 80
  secure               = False
  requestHeaders       = [("Accept","application/json;charset=utf-8,application/json"),("user-agent","haskell-app"),("Authorization","<REDACTED>")]
  path                 = "/repos/robinweser/react-layout-components/contributors"
  queryString          = "?page=1"
  method               = "GET"
  proxy                = Nothing
  rawBody              = False
  redirectCount        = 10
  responseTimeout      = ResponseTimeoutDefault
  requestVersion       = HTTP/1.1
}
 (InternalException (HostCannotConnect "api.github.com" [Network.Socket.connect: <socket: 5336>: failed (Connection timed out (WSAETIMEDOUT))]))),ConnectionError (HttpExceptionRequest Request {
  host                 = "api.github.com"
  port                 = 80
  secure               = False
  requestHeaders       = [("Accept","application/json;charset=utf-8,application/json"),("user-agent","haskell-app"),("Authorization","<REDACTED>")]
  path                 = "/repos/robinweser/react-look/contributors"
  queryString          = "?page=1"
  method               = "GET"
  proxy                = Nothing
  rawBody              = False
  redirectCount        = 10
  responseTimeout      = ResponseTimeoutDefault
  requestVersion       = HTTP/1.1
}
 (InternalException (HostCannotConnect "api.github.com" [Network.Socket.connect: <socket: 1132>: failed (Connection timed out (WSAETIMEDOUT))]))),ConnectionError (HttpExceptionRequest Request {
  host                 = "api.github.com"
  port                 = 80
  secure               = False
  requestHeaders       = [("Accept","application/json;charset=utf-8,application/json"),("user-agent","haskell-app"),("Authorization","<REDACTED>")]
  path                 = "/repos/robinweser/react-markdown-github-renderers/contributors"
  queryString          = "?page=1"
  method               = "GET"
  proxy                = Nothing
  rawBody              = False
  redirectCount        = 10
  responseTimeout      = ResponseTimeoutDefault
  requestVersion       = HTTP/1.1
}
 (InternalException (HostCannotConnect "api.github.com" [Network.Socket.connect: <socket: 4320>: failed (Connection timed out (WSAETIMEDOUT))]))),ConnectionError (HttpExceptionRequest Request {
  host                 = "api.github.com"
  port                 = 80
  secure               = False
  requestHeaders       = [("Accept","application/json;charset=utf-8,application/json"),("user-agent","haskell-app"),("Authorization","<REDACTED>")]
  path                 = "/repos/robinweser/react-onegraph/contributors"
  queryString          = "?page=1"
  method               = "GET"
  proxy                = Nothing
  rawBody              = False
  redirectCount        = 10
  responseTimeout      = ResponseTimeoutDefault
  requestVersion       = HTTP/1.1
}
 (InternalException (HostCannotConnect "api.github.com" [Network.Socket.connect: <socket: 1528>: failed (Connection timed out (WSAETIMEDOUT))]))),ConnectionError (HttpExceptionRequest Request {
  host                 = "api.github.com"
  port                 = 80
  secure               = False
  requestHeaders       = [("Accept","application/json;charset=utf-8,application/json"),("user-agent","haskell-app"),("Authorization","<REDACTED>")]
  path                 = "/repos/robinweser/react-pdf/contributors"
  queryString          = "?page=1"
  method               = "GET"
  proxy                = Nothing
  rawBody              = False
  redirectCount        = 10
  responseTimeout      = ResponseTimeoutDefault
  requestVersion       = HTTP/1.1
}
 (InternalException (HostCannotConnect "api.github.com" [Network.Socket.connect: <socket: 4140>: failed (Connection timed out (WSAETIMEDOUT))]))),ConnectionError (HttpExceptionRequest Request {
  host                 = "api.github.com"
  port                 = 80
  secure               = False
  requestHeaders       = [("Accept","application/json;charset=utf-8,application/json"),("user-agent","haskell-app"),("Authorization","<REDACTED>")]
  path                 = "/repos/robinweser/read-transform-write/contributors"
  queryString          = "?page=1"
  method               = "GET"
  proxy                = Nothing
  rawBody              = False
  redirectCount        = 10
  responseTimeout      = ResponseTimeoutDefault
  requestVersion       = HTTP/1.1
}
 (InternalException (HostCannotConnect "api.github.com" [Network.Socket.connect: <socket: 1824>: failed (Connection timed out (WSAETIMEDOUT))]))),ConnectionError (HttpExceptionRequest Request {
  host                 = "api.github.com"
  port                 = 80
  secure               = False
  requestHeaders       = [("Accept","application/json;charset=utf-8,application/json"),("user-agent","haskell-app"),("Authorization","<REDACTED>")]
  path                 = "/repos/robinweser/reason-urql/contributors"
  queryString          = "?page=1"
  method               = "GET"
  proxy                = Nothing
  rawBody              = False
  redirectCount        = 10
  responseTimeout      = ResponseTimeoutDefault
  requestVersion       = HTTP/1.1
}
 (InternalException (HostCannotConnect "api.github.com" [Network.Socket.connect: <socket: 6576>: failed (Connection timed out (WSAETIMEDOUT))]))),ConnectionError (HttpExceptionRequest Request {
  host                 = "api.github.com"
  port                 = 80
  secure               = False
  requestHeaders       = [("Accept","application/json;charset=utf-8,application/json"),("user-agent","haskell-app"),("Authorization","<REDACTED>")]
  path                 = "/repos/robinweser/rescript-lang.org/contributors"
  queryString          = "?page=1"
  method               = "GET"
  proxy                = Nothing
  rawBody              = False
  redirectCount        = 10
  responseTimeout      = ResponseTimeoutDefault
  requestVersion       = HTTP/1.1
}
 (InternalException (HostCannotConnect "api.github.com" [Network.Socket.connect: <socket: 3440>: failed (Connection timed out (WSAETIMEDOUT))]))),ConnectionError (HttpExceptionRequest Request {
  host                 = "api.github.com"
  port                 = 80
  secure               = False
  requestHeaders       = [("Accept","application/json;charset=utf-8,application/json"),("user-agent","haskell-app"),("Authorization","<REDACTED>")]
  path                 = "/repos/robinweser/rofrischmann/contributors"
  queryString          = "?page=1"
  method               = "GET"
  proxy                = Nothing
  rawBody              = False
  redirectCount        = 10
  responseTimeout      = ResponseTimeoutDefault
  requestVersion       = HTTP/1.1
}
 (InternalException (HostCannotConnect "api.github.com" [Network.Socket.connect: <socket: 1588>: failed (Connection timed out (WSAETIMEDOUT))]))),ConnectionError (HttpExceptionRequest Request {
  host                 = "api.github.com"
  port                 = 80
  secure               = False
  requestHeaders       = [("Accept","application/json;charset=utf-8,application/json"),("user-agent","haskell-app"),("Authorization","<REDACTED>")]
  path                 = "/repos/robinweser/small-color/contributors"
  queryString          = "?page=1"
  method               = "GET"
  proxy                = Nothing
  rawBody              = False
  redirectCount        = 10
  responseTimeout      = ResponseTimeoutDefault
  requestVersion       = HTTP/1.1
}
 (InternalException (HostCannotConnect "api.github.com" [Network.Socket.connect: <socket: 6540>: failed (Connection timed out (WSAETIMEDOUT))]))),ConnectionError (HttpExceptionRequest Request {
  host                 = "api.github.com"
  port                 = 80
  secure               = False
  requestHeaders       = [("Accept","application/json;charset=utf-8,application/json"),("user-agent","haskell-app"),("Authorization","<REDACTED>")]
  path                 = "/repos/robinweser/speaking/contributors"
  queryString          = "?page=1"
  method               = "GET"
  proxy                = Nothing
  rawBody              = False
  redirectCount        = 10
  responseTimeout      = ResponseTimeoutDefault
  requestVersion       = HTTP/1.1
}
 (InternalException (HostCannotConnect "api.github.com" [Network.Socket.connect: <socket: 5604>: failed (Connection timed out (WSAETIMEDOUT))]))),ConnectionError (HttpExceptionRequest Request {
  host                 = "api.github.com"
  port                 = 80
  secure               = False
  requestHeaders       = [("Accept","application/json;charset=utf-8,application/json"),("user-agent","haskell-app"),("Authorization","<REDACTED>")]
  path                 = "/repos/robinweser/stamm-luchs/contributors"
  queryString          = "?page=1"
  method               = "GET"
  proxy                = Nothing
  rawBody              = False
  redirectCount        = 10
  responseTimeout      = ResponseTimeoutDefault
  requestVersion       = HTTP/1.1
}
 (InternalException (HostCannotConnect "api.github.com" [Network.Socket.connect: <socket: 6572>: failed (Connection timed out (WSAETIMEDOUT))]))),ConnectionError (HttpExceptionRequest Request {
  host                 = "api.github.com"
  port                 = 80
  secure               = False
  requestHeaders       = [("Accept","application/json;charset=utf-8,application/json"),("user-agent","haskell-app"),("Authorization","<REDACTED>")]
  path                 = "/repos/robinweser/theme-centric-component-design/contributors"
  queryString          = "?page=1"
  method               = "GET"
  proxy                = Nothing
  rawBody              = False
  redirectCount        = 10
  responseTimeout      = ResponseTimeoutDefault
  requestVersion       = HTTP/1.1
}
 (InternalException (HostCannotConnect "api.github.com" [Network.Socket.connect: <socket: 6548>: failed (Connection timed out (WSAETIMEDOUT))]))),ConnectionError (HttpExceptionRequest Request {
  host                 = "api.github.com"
  port                 = 80
  secure               = False
  requestHeaders       = [("Accept","application/json;charset=utf-8,application/json"),("user-agent","haskell-app"),("Authorization","<REDACTED>")]
  path                 = "/repos/robinweser/tokenize-sync/contributors"
  queryString          = "?page=1"
  method               = "GET"
  proxy                = Nothing
  rawBody              = False
  redirectCount        = 10
  responseTimeout      = ResponseTimeoutDefault
  requestVersion       = HTTP/1.1
}
 (InternalException (HostCannotConnect "api.github.com" [Network.Socket.connect: <socket: 6564>: failed (Connection timed out (WSAETIMEDOUT))]))),ConnectionError (HttpExceptionRequest Request {
  host                 = "api.github.com"
  port                 = 80
  secure               = False
  requestHeaders       = [("Accept","application/json;charset=utf-8,application/json"),("user-agent","haskell-app"),("Authorization","<REDACTED>")]
  path                 = "/repos/robinweser/unitless-css-property/contributors"
  queryString          = "?page=1"
  method               = "GET"
  proxy                = Nothing
  rawBody              = False
  redirectCount        = 10
  responseTimeout      = ResponseTimeoutDefault
  requestVersion       = HTTP/1.1
}
 (InternalException (HostCannotConnect "api.github.com" [Network.Socket.connect: <socket: 4104>: failed (Connection timed out (WSAETIMEDOUT))]))),ConnectionError (HttpExceptionRequest Request {
  host                 = "api.github.com"
  port                 = 80
  secure               = False
  requestHeaders       = [("Accept","application/json;charset=utf-8,application/json"),("user-agent","haskell-app"),("Authorization","<REDACTED>")]
  path                 = "/repos/robinweser/unverschaemt/contributors"
  queryString          = "?page=1"
  method               = "GET"
  proxy                = Nothing
  rawBody              = False
  redirectCount        = 10
  responseTimeout      = ResponseTimeoutDefault
  requestVersion       = HTTP/1.1
}
 (InternalException (HostCannotConnect "api.github.com" [Network.Socket.connect: <socket: 4616>: failed (Connection timed out (WSAETIMEDOUT))]))),ConnectionError (HttpExceptionRequest Request {
  host                 = "api.github.com"
  port                 = 80
  secure               = False
  requestHeaders       = [("Accept","application/json;charset=utf-8,application/json"),("user-agent","haskell-app"),("Authorization","<REDACTED>")]
  path                 = "/repos/robinweser/vocabulary/contributors"
  queryString          = "?page=1"
  method               = "GET"
  proxy                = Nothing
  rawBody              = False
  redirectCount        = 10
  responseTimeout      = ResponseTimeoutDefault
  requestVersion       = HTTP/1.1
}
 (InternalException (HostCannotConnect "api.github.com" [Network.Socket.connect: <socket: 4488>: failed (Connection timed out (WSAETIMEDOUT))])))]no highest contributor found. terminating now