trying to get andrew's repos12andrew's repos are: 3D-contributions, a2-in-memory-web-api, activestorage-ipfs, admin, aegir, alan-utils, alaveteli, andi-utils, andrew-nesbitt, andrew-nesbitt.com, anyproxy, api.spreecommerce.com, appsignal-docs, ar-drone-dancer, ar-drone-gps, ar-drone-keyboard, ar-drone-rest, ardrone-webflight, arduino-experiments, artoo, base62.go, bathruby-2015, ben-utils, bibliothecary, bitbucket, blog, bootstrap-sass, brew, brewery, brightonruby, bude, build-cat, bumble, bundler, buzzfeed, camp, cardsagainsthumanity, cid, cid-utils-website, citrus, clasher, cloc, cocos2d-experiment, code-tennis, codemontage, coderwall, codetriage, compass-recipes, confkick.com, contrib-hub, contributor_covenant, coolometer, crypto-ecosystems, csvlint.rb, cylon, david-www, decommission, deploytracking, devgrants, distributions, docs, docs-1, documentation, dotfiles, dragonfly_example, drone-dancemat, drone-xbox-controller, elasticsearch-rails, em-shortener, emoji, emoji-1, engine, engine.io, engines, entropic, euler, eventHUD, fastlane, feeddit, feedjira, filecoin-docs, first-django-app, first-pr, flipSource, forkbomb, formview, free-for-dev, fullfrontal2013, gaby-utils, gamertag, game_of_life, garb, gay_utils, gbnc, gbnc-sessions, gender_detector, Ghost, ghpm, giftlist, gitballs, github-plus, go-dnslink, go-experiments, go-ipfs, go-ipfs-api, go-ipfs-cmds, go-libp2p, go-libp2p-examples, gobot, goliath-shortener, graticule, grunt-nodecopter, guides, gulp-inline, hackday, hackference-2014, harlemshake.js, heatmap, hell-is-other-peoples-code, hello-wapi, hellococoa, helloworlds, hello_node, hipsternews, homebrew, homebrew-core, horizon, how_much, http-api-docs, hubot-nodecopter, hubot-scripts, hybrid-2014, ian, ibeacon-cli, install-stats, instareader, instascraper, interface-js-ipfs-core, ipfs, ipfs-blob-store, ipfs-cohost, ipfs-counter, ipfs-css, ipfs-desktop, ipfs-docs, ipfs-geoip, ipfs-http-client, ipfs-npm-registry-mirror, ipfs-research-log, ipfs-webui, ipld-explorer, ipld-explorer-components, jquery-uk, jquery.inview, js-datastore-s3, js-ipfs, js-ipfs-http-client, js-ipfs-repo, js-ipfsd-ctl, js-ipld, js-libp2p, js-schema-gen, js.ipfs.io, kelly-keating-utils, kpeg, languages, lanyrd, learn-npm, libp2p-dht-scrape-aas, libp2p-dht-scrape-client, libsass, libsass-rails, lightning, linuxbrew.github.io, local-offline-collab, lrug, mailgun_email_validator, mastodon, meetups, memcached, mesh.js, minitest-ci, mnml, mocha, module_import, moods, nesbitt.io, newsletter, node-ar-drone, node-dancemat, node-ev3-robot, node-gps, node-lanyrd, node-picam, node-redown, node-sass-example, node-serialport, node-shortener, node-wii-controller, node-xbox-controller, nodecopter, Nodecopter.app, nodecopter.com, now, npm-go-ipfs, npm-ipfs, npm-on-ipfs, octicons-rails, octokit.rb, ollie-utils, opencollective, orbit-db-access-controllers, orbit-db-test-utils, packages, paperdoily.co.uk, patchwork, peas, penguin-attack, pinning-services-api-spec, powergate, protoschool.github.io, qri, qrtag, quadcopter-presentation, rabbitconf, racc, rack-accepts, rails, rails-safe-tasks, railsgirls.github.com, rainbowd.js, react-native-app-intro, react-native-router-flux, readthedocs.org, redis-keyspace, reevoo, ri_for, roadmap, robfisher-utils, robotsconf, rspec-cells, rspec_timeout, RTanque, ruby-cid, ruby-golf, ruby-golf-1, ruby-ipfs-api, ruby-ipfs-pinning-api-client, ruby-multicodec, ruby-multihash, rumbl, sass-rails, sassruby, sidekiq, sidekiq-unique-jobs, situation-clock, sizlate, slingshot, snooze, spdy, specs, SpeechToText-WebSockets-Javascript, sphero-mapper, spree-api-client, spree_order_export, spring, stripe-ruby-mock, sushijs.github.io, team-mgmt, template-test, textile, thoughtless, ticketapp, toml-rb, training-kit, trellocopter, twitter, vaishnavi-iyer-utils, vcr, vestibule, vim-awesome, vmux, wansview, wapm-cli, webflight-onscreen-keyboard, webflight-trollface, webpack-bundle-analyzer, webshaped, website, whatsinaname, whitehat, www, wwwd, Xcodeproj, ya-base62some errors were found:
[ConnectionError (HttpExceptionRequest Request {
  host                 = "api.github.com"
  port                 = 80
  secure               = False
  requestHeaders       = [("Accept","application/json;charset=utf-8,application/json"),("user-agent","haskell-app"),("Authorization","<REDACTED>")]
  path                 = "/repos/andrew/brew/contributors"
  queryString          = "?page=4"
  method               = "GET"
  proxy                = Nothing
  rawBody              = False
  redirectCount        = 10
  responseTimeout      = ResponseTimeoutDefault
  requestVersion       = HTTP/1.1
}
 (InternalException (HostCannotConnect "api.github.com" [Network.Socket.connect: <socket: 1776>: failed (Connection timed out (WSAETIMEDOUT))]))),ConnectionError (HttpExceptionRequest Request {
  host                 = "api.github.com"
  port                 = 80
  secure               = False
  requestHeaders       = [("Accept","application/json;charset=utf-8,application/json"),("user-agent","haskell-app"),("Authorization","<REDACTED>")]
  path                 = "/repos/andrew/brewery/contributors"
  queryString          = "?page=1"
  method               = "GET"
  proxy                = Nothing
  rawBody              = False
  redirectCount        = 10
  responseTimeout      = ResponseTimeoutDefault
  requestVersion       = HTTP/1.1
}
 (ConnectionFailure Network.Socket.connect: <socket: 1412>: failed (Connection timed out (WSAETIMEDOUT)))),ConnectionError (HttpExceptionRequest Request {
  host                 = "api.github.com"
  port                 = 80
  secure               = False
  requestHeaders       = [("Accept","application/json;charset=utf-8,application/json"),("user-agent","haskell-app"),("Authorization","<REDACTED>")]
  path                 = "/repos/andrew/brightonruby/contributors"
  queryString          = "?page=1"
  method               = "GET"
  proxy                = Nothing
  rawBody              = False
  redirectCount        = 10
  responseTimeout      = ResponseTimeoutDefault
  requestVersion       = HTTP/1.1
}
 (ConnectionFailure Network.Socket.connect: <socket: 988>: failed (Connection timed out (WSAETIMEDOUT)))),ConnectionError (HttpExceptionRequest Request {
  host                 = "api.github.com"
  port                 = 80
  secure               = False
  requestHeaders       = [("Accept","application/json;charset=utf-8,application/json"),("user-agent","haskell-app"),("Authorization","<REDACTED>")]
  path                 = "/repos/andrew/bude/contributors"
  queryString          = "?page=1"
  method               = "GET"
  proxy                = Nothing
  rawBody              = False
  redirectCount        = 10
  responseTimeout      = ResponseTimeoutDefault
  requestVersion       = HTTP/1.1
}
 (ConnectionFailure Network.Socket.connect: <socket: 1848>: failed (Connection timed out (WSAETIMEDOUT)))),ConnectionError (HttpExceptionRequest Request {
  host                 = "api.github.com"
  port                 = 80
  secure               = False
  requestHeaders       = [("Accept","application/json;charset=utf-8,application/json"),("user-agent","haskell-app"),("Authorization","<REDACTED>")]
  path                 = "/repos/andrew/build-cat/contributors"
  queryString          = "?page=1"
  method               = "GET"
  proxy                = Nothing
  rawBody              = False
  redirectCount        = 10
  responseTimeout      = ResponseTimeoutDefault
  requestVersion       = HTTP/1.1
}
 (ConnectionFailure Network.Socket.connect: <socket: 1848>: failed (Connection timed out (WSAETIMEDOUT)))),ConnectionError (HttpExceptionRequest Request {
  host                 = "api.github.com"
  port                 = 80
  secure               = False
  requestHeaders       = [("Accept","application/json;charset=utf-8,application/json"),("user-agent","haskell-app"),("Authorization","<REDACTED>")]
  path                 = "/repos/andrew/bumble/contributors"
  queryString          = "?page=1"
  method               = "GET"
  proxy                = Nothing
  rawBody              = False
  redirectCount        = 10
  responseTimeout      = ResponseTimeoutDefault
  requestVersion       = HTTP/1.1
}
 (ConnectionFailure Network.Socket.connect: <socket: 2388>: failed (Connection timed out (WSAETIMEDOUT)))),ConnectionError (HttpExceptionRequest Request {
  host                 = "api.github.com"
  port                 = 80
  secure               = False
  requestHeaders       = [("Accept","application/json;charset=utf-8,application/json"),("user-agent","haskell-app"),("Authorization","<REDACTED>")]
  path                 = "/repos/andrew/bundler/contributors"
  queryString          = "?page=1"
  method               = "GET"
  proxy                = Nothing
  rawBody              = False
  redirectCount        = 10
  responseTimeout      = ResponseTimeoutDefault
  requestVersion       = HTTP/1.1
}
 (ConnectionFailure Network.Socket.connect: <socket: 2388>: failed (Connection timed out (WSAETIMEDOUT)))),ConnectionError (HttpExceptionRequest Request {
  host                 = "api.github.com"
  port                 = 80
  secure               = False
  requestHeaders       = [("Accept","application/json;charset=utf-8,application/json"),("user-agent","haskell-app"),("Authorization","<REDACTED>")]
  path                 = "/repos/andrew/buzzfeed/contributors"
  queryString          = "?page=1"
  method               = "GET"
  proxy                = Nothing
  rawBody              = False
  redirectCount        = 10
  responseTimeout      = ResponseTimeoutDefault
  requestVersion       = HTTP/1.1
}
 (ConnectionFailure Network.Socket.connect: <socket: 2388>: failed (Connection timed out (WSAETIMEDOUT)))),ConnectionError (HttpExceptionRequest Request {
  host                 = "api.github.com"
  port                 = 80
  secure               = False
  requestHeaders       = [("Accept","application/json;charset=utf-8,application/json"),("user-agent","haskell-app"),("Authorization","<REDACTED>")]
  path                 = "/repos/andrew/camp/contributors"
  queryString          = "?page=1"
  method               = "GET"
  proxy                = Nothing
  rawBody              = False
  redirectCount        = 10
  responseTimeout      = ResponseTimeoutDefault
  requestVersion       = HTTP/1.1
}
 (ConnectionFailure Network.Socket.connect: <socket: 1152>: failed (Connection timed out (WSAETIMEDOUT)))),ConnectionError (HttpExceptionRequest Request {
  host                 = "api.github.com"
  port                 = 80
  secure               = False
  requestHeaders       = [("Accept","application/json;charset=utf-8,application/json"),("user-agent","haskell-app"),("Authorization","<REDACTED>")]
  path                 = "/repos/andrew/fastlane/contributors"
  queryString          = "?page=12"
  method               = "GET"
  proxy                = Nothing
  rawBody              = False
  redirectCount        = 10
  responseTimeout      = ResponseTimeoutDefault
  requestVersion       = HTTP/1.1
}
 (ConnectionFailure Network.Socket.connect: <socket: 2600>: failed (Connection timed out (WSAETIMEDOUT)))),ConnectionError (HttpExceptionRequest Request {
  host                 = "api.github.com"
  port                 = 80
  secure               = False
  requestHeaders       = [("Accept","application/json;charset=utf-8,application/json"),("user-agent","haskell-app"),("Authorization","<REDACTED>")]
  path                 = "/repos/andrew/first-django-app/contributors"
  queryString          = "?page=1"
  method               = "GET"
  proxy                = Nothing
  rawBody              = False
  redirectCount        = 10
  responseTimeout      = ResponseTimeoutDefault
  requestVersion       = HTTP/1.1
}
 (ConnectionFailure Network.Socket.connect: <socket: 1240>: failed (Connection timed out (WSAETIMEDOUT)))),ConnectionError (HttpExceptionRequest Request {
  host                 = "api.github.com"
  port                 = 80
  secure               = False
  requestHeaders       = [("Accept","application/json;charset=utf-8,application/json"),("user-agent","haskell-app"),("Authorization","<REDACTED>")]
  path                 = "/repos/andrew/first-pr/contributors"
  queryString          = "?page=1"
  method               = "GET"
  proxy                = Nothing
  rawBody              = False
  redirectCount        = 10
  responseTimeout      = ResponseTimeoutDefault
  requestVersion       = HTTP/1.1
}
 (ConnectionFailure Network.Socket.connect: <socket: 2348>: failed (Connection timed out (WSAETIMEDOUT)))),ConnectionError (HttpExceptionRequest Request {
  host                 = "api.github.com"
  port                 = 80
  secure               = False
  requestHeaders       = [("Accept","application/json;charset=utf-8,application/json"),("user-agent","haskell-app"),("Authorization","<REDACTED>")]
  path                 = "/repos/andrew/flipSource/contributors"
  queryString          = "?page=1"
  method               = "GET"
  proxy                = Nothing
  rawBody              = False
  redirectCount        = 10
  responseTimeout      = ResponseTimeoutDefault
  requestVersion       = HTTP/1.1
}
 (ConnectionFailure Network.Socket.connect: <socket: 1548>: failed (Connection timed out (WSAETIMEDOUT)))),ConnectionError (HttpExceptionRequest Request {
  host                 = "api.github.com"
  port                 = 80
  secure               = False
  requestHeaders       = [("Accept","application/json;charset=utf-8,application/json"),("user-agent","haskell-app"),("Authorization","<REDACTED>")]
  path                 = "/repos/andrew/forkbomb/contributors"
  queryString          = "?page=1"
  method               = "GET"
  proxy                = Nothing
  rawBody              = False
  redirectCount        = 10
  responseTimeout      = ResponseTimeoutDefault
  requestVersion       = HTTP/1.1
}
 (InternalException (HostCannotConnect "api.github.com" [Network.Socket.connect: <socket: 2336>: failed (Connection timed out (WSAETIMEDOUT))]))),ConnectionError (HttpExceptionRequest Request {
  host                 = "api.github.com"
  port                 = 80
  secure               = False
  requestHeaders       = [("Accept","application/json;charset=utf-8,application/json"),("user-agent","haskell-app"),("Authorization","<REDACTED>")]
  path                 = "/repos/andrew/formview/contributors"
  queryString          = "?page=1"
  method               = "GET"
  proxy                = Nothing
  rawBody              = False
  redirectCount        = 10
  responseTimeout      = ResponseTimeoutDefault
  requestVersion       = HTTP/1.1
}
 (ConnectionFailure Network.Socket.connect: <socket: 2912>: failed (Connection timed out (WSAETIMEDOUT)))),ConnectionError (HttpExceptionRequest Request {
  host                 = "api.github.com"
  port                 = 80
  secure               = False
  requestHeaders       = [("Accept","application/json;charset=utf-8,application/json"),("user-agent","haskell-app"),("Authorization","<REDACTED>")]
  path                 = "/repos/andrew/free-for-dev/contributors"
  queryString          = "?page=1"
  method               = "GET"
  proxy                = Nothing
  rawBody              = False
  redirectCount        = 10
  responseTimeout      = ResponseTimeoutDefault
  requestVersion       = HTTP/1.1
}
 (InternalException (HostCannotConnect "api.github.com" [Network.Socket.connect: <socket: 1548>: failed (Connection timed out (WSAETIMEDOUT))]))),ConnectionError (HttpExceptionRequest Request {
  host                 = "api.github.com"
  port                 = 80
  secure               = False
  requestHeaders       = [("Accept","application/json;charset=utf-8,application/json"),("user-agent","haskell-app"),("Authorization","<REDACTED>")]
  path                 = "/repos/andrew/homebrew/contributors"
  queryString          = "?page=14"
  method               = "GET"
  proxy                = Nothing
  rawBody              = False
  redirectCount        = 10
  responseTimeout      = ResponseTimeoutDefault
  requestVersion       = HTTP/1.1
}
 (InternalException (HostCannotConnect "api.github.com" [Network.Socket.connect: <socket: 3000>: failed (Connection timed out (WSAETIMEDOUT))]))),ConnectionError (HttpExceptionRequest Request {
  host                 = "api.github.com"
  port                 = 80
  secure               = False
  requestHeaders       = [("Accept","application/json;charset=utf-8,application/json"),("user-agent","haskell-app"),("Authorization","<REDACTED>")]
  path                 = "/repos/andrew/homebrew-core/contributors"
  queryString          = "?page=3"
  method               = "GET"
  proxy                = Nothing
  rawBody              = False
  redirectCount        = 10
  responseTimeout      = ResponseTimeoutDefault
  requestVersion       = HTTP/1.1
}
 (ConnectionFailure Network.Socket.connect: <socket: 1304>: failed (Connection timed out (WSAETIMEDOUT)))),ConnectionError (HttpExceptionRequest Request {
  host                 = "api.github.com"
  port                 = 80
  secure               = False
  requestHeaders       = [("Accept","application/json;charset=utf-8,application/json"),("user-agent","haskell-app"),("Authorization","<REDACTED>")]
  path                 = "/repos/andrew/horizon/contributors"
  queryString          = "?page=1"
  method               = "GET"
  proxy                = Nothing
  rawBody              = False
  redirectCount        = 10
  responseTimeout      = ResponseTimeoutDefault
  requestVersion       = HTTP/1.1
}
 (ConnectionFailure Network.Socket.connect: <socket: 2968>: failed (Connection timed out (WSAETIMEDOUT)))),ConnectionError (HttpExceptionRequest Request {
  host                 = "api.github.com"
  port                 = 80
  secure               = False
  requestHeaders       = [("Accept","application/json;charset=utf-8,application/json"),("user-agent","haskell-app"),("Authorization","<REDACTED>")]
  path                 = "/repos/andrew/how_much/contributors"
  queryString          = "?page=1"
  method               = "GET"
  proxy                = Nothing
  rawBody              = False
  redirectCount        = 10
  responseTimeout      = ResponseTimeoutDefault
  requestVersion       = HTTP/1.1
}
 (ConnectionFailure Network.Socket.connect: <socket: 2968>: failed (Connection timed out (WSAETIMEDOUT)))),ConnectionError (HttpExceptionRequest Request {
  host                 = "api.github.com"
  port                 = 80
  secure               = False
  requestHeaders       = [("Accept","application/json;charset=utf-8,application/json"),("user-agent","haskell-app"),("Authorization","<REDACTED>")]
  path                 = "/repos/andrew/http-api-docs/contributors"
  queryString          = "?page=1"
  method               = "GET"
  proxy                = Nothing
  rawBody              = False
  redirectCount        = 10
  responseTimeout      = ResponseTimeoutDefault
  requestVersion       = HTTP/1.1
}
 (ConnectionFailure Network.Socket.connect: <socket: 1168>: failed (Connection timed out (WSAETIMEDOUT)))),ConnectionError (HttpExceptionRequest Request {
  host                 = "api.github.com"
  port                 = 80
  secure               = False
  requestHeaders       = [("Accept","application/json;charset=utf-8,application/json"),("user-agent","haskell-app"),("Authorization","<REDACTED>")]
  path                 = "/repos/andrew/hubot-nodecopter/contributors"
  queryString          = "?page=1"
  method               = "GET"
  proxy                = Nothing
  rawBody              = False
  redirectCount        = 10
  responseTimeout      = ResponseTimeoutDefault
  requestVersion       = HTTP/1.1
}
 (ConnectionFailure Network.Socket.connect: <socket: 2796>: failed (Connection timed out (WSAETIMEDOUT)))),ConnectionError (HttpExceptionRequest Request {
  host                 = "api.github.com"
  port                 = 80
  secure               = False
  requestHeaders       = [("Accept","application/json;charset=utf-8,application/json"),("user-agent","haskell-app"),("Authorization","<REDACTED>")]
  path                 = "/repos/andrew/hubot-scripts/contributors"
  queryString          = "?page=1"
  method               = "GET"
  proxy                = Nothing
  rawBody              = False
  redirectCount        = 10
  responseTimeout      = ResponseTimeoutDefault
  requestVersion       = HTTP/1.1
}
 (ConnectionFailure Network.Socket.connect: <socket: 936>: failed (Connection timed out (WSAETIMEDOUT)))),ConnectionError (HttpExceptionRequest Request {
  host                 = "api.github.com"
  port                 = 80
  secure               = False
  requestHeaders       = [("Accept","application/json;charset=utf-8,application/json"),("user-agent","haskell-app"),("Authorization","<REDACTED>")]
  path                 = "/repos/andrew/hybrid-2014/contributors"
  queryString          = "?page=1"
  method               = "GET"
  proxy                = Nothing
  rawBody              = False
  redirectCount        = 10
  responseTimeout      = ResponseTimeoutDefault
  requestVersion       = HTTP/1.1
}
 (ConnectionFailure Network.Socket.connect: <socket: 936>: failed (Connection timed out (WSAETIMEDOUT)))),ConnectionError (HttpExceptionRequest Request {
  host                 = "api.github.com"
  port                 = 80
  secure               = False
  requestHeaders       = [("Accept","application/json;charset=utf-8,application/json"),("user-agent","haskell-app"),("Authorization","<REDACTED>")]
  path                 = "/repos/andrew/js-libp2p/contributors"
  queryString          = "?page=1"
  method               = "GET"
  proxy                = Nothing
  rawBody              = False
  redirectCount        = 10
  responseTimeout      = ResponseTimeoutDefault
  requestVersion       = HTTP/1.1
}
 (ConnectionFailure Network.Socket.connect: <socket: 3016>: failed (Connection timed out (WSAETIMEDOUT)))),ConnectionError (HttpExceptionRequest Request {
  host                 = "api.github.com"
  port                 = 80
  secure               = False
  requestHeaders       = [("Accept","application/json;charset=utf-8,application/json"),("user-agent","haskell-app"),("Authorization","<REDACTED>")]
  path                 = "/repos/andrew/lightning/contributors"
  queryString          = "?page=1"
  method               = "GET"
  proxy                = Nothing
  rawBody              = False
  redirectCount        = 10
  responseTimeout      = ResponseTimeoutDefault
  requestVersion       = HTTP/1.1
}
 (ConnectionFailure Network.Socket.connect: <socket: 2892>: failed (Connection timed out (WSAETIMEDOUT)))),ConnectionError (HttpExceptionRequest Request {
  host                 = "api.github.com"
  port                 = 80
  secure               = False
  requestHeaders       = [("Accept","application/json;charset=utf-8,application/json"),("user-agent","haskell-app"),("Authorization","<REDACTED>")]
  path                 = "/repos/andrew/local-offline-collab/contributors"
  queryString          = "?page=1"
  method               = "GET"
  proxy                = Nothing
  rawBody              = False
  redirectCount        = 10
  responseTimeout      = ResponseTimeoutDefault
  requestVersion       = HTTP/1.1
}
 (ConnectionFailure Network.Socket.connect: <socket: 1568>: failed (Connection timed out (WSAETIMEDOUT)))),ConnectionError (HttpExceptionRequest Request {
  host                 = "api.github.com"
  port                 = 80
  secure               = False
  requestHeaders       = [("Accept","application/json;charset=utf-8,application/json"),("user-agent","haskell-app"),("Authorization","<REDACTED>")]
  path                 = "/repos/andrew/lrug/contributors"
  queryString          = "?page=1"
  method               = "GET"
  proxy                = Nothing
  rawBody              = False
  redirectCount        = 10
  responseTimeout      = ResponseTimeoutDefault
  requestVersion       = HTTP/1.1
}
 (ConnectionFailure Network.Socket.connect: <socket: 1276>: failed (Connection timed out (WSAETIMEDOUT)))),ConnectionError (HttpExceptionRequest Request {
  host                 = "api.github.com"
  port                 = 80
  secure               = False
  requestHeaders       = [("Accept","application/json;charset=utf-8,application/json"),("user-agent","haskell-app"),("Authorization","<REDACTED>")]
  path                 = "/repos/andrew/mailgun_email_validator/contributors"
  queryString          = "?page=1"
  method               = "GET"
  proxy                = Nothing
  rawBody              = False
  redirectCount        = 10
  responseTimeout      = ResponseTimeoutDefault
  requestVersion       = HTTP/1.1
}
 (ConnectionFailure Network.Socket.connect: <socket: 796>: failed (Connection timed out (WSAETIMEDOUT)))),ConnectionError (HttpExceptionRequest Request {
  host                 = "api.github.com"
  port                 = 80
  secure               = False
  requestHeaders       = [("Accept","application/json;charset=utf-8,application/json"),("user-agent","haskell-app"),("Authorization","<REDACTED>")]
  path                 = "/repos/andrew/mastodon/contributors"
  queryString          = "?page=2"
  method               = "GET"
  proxy                = Nothing
  rawBody              = False
  redirectCount        = 10
  responseTimeout      = ResponseTimeoutDefault
  requestVersion       = HTTP/1.1
}
 (ConnectionFailure Network.Socket.connect: <socket: 2440>: failed (Connection timed out (WSAETIMEDOUT)))),ConnectionError (HttpExceptionRequest Request {
  host                 = "api.github.com"
  port                 = 80
  secure               = False
  requestHeaders       = [("Accept","application/json;charset=utf-8,application/json"),("user-agent","haskell-app"),("Authorization","<REDACTED>")]
  path                 = "/repos/andrew/meetups/contributors"
  queryString          = "?page=1"
  method               = "GET"
  proxy                = Nothing
  rawBody              = False
  redirectCount        = 10
  responseTimeout      = ResponseTimeoutDefault
  requestVersion       = HTTP/1.1
}
 (ConnectionFailure Network.Socket.connect: <socket: 1668>: failed (Connection timed out (WSAETIMEDOUT)))),ConnectionError (HttpExceptionRequest Request {
  host                 = "api.github.com"
  port                 = 80
  secure               = False
  requestHeaders       = [("Accept","application/json;charset=utf-8,application/json"),("user-agent","haskell-app"),("Authorization","<REDACTED>")]
  path                 = "/repos/andrew/rails/contributors"
  queryString          = "?page=13"
  method               = "GET"
  proxy                = Nothing
  rawBody              = False
  redirectCount        = 10
  responseTimeout      = ResponseTimeoutDefault
  requestVersion       = HTTP/1.1
}
 (ConnectionFailure Network.Socket.connect: <socket: 1204>: failed (Connection timed out (WSAETIMEDOUT)))),ConnectionError (HttpExceptionRequest Request {
  host                 = "api.github.com"
  port                 = 80
  secure               = False
  requestHeaders       = [("Accept","application/json;charset=utf-8,application/json"),("user-agent","haskell-app"),("Authorization","<REDACTED>")]
  path                 = "/repos/andrew/rails-safe-tasks/contributors"
  queryString          = "?page=1"
  method               = "GET"
  proxy                = Nothing
  rawBody              = False
  redirectCount        = 10
  responseTimeout      = ResponseTimeoutDefault
  requestVersion       = HTTP/1.1
}
 (InternalException (HostCannotConnect "api.github.com" [Network.Socket.connect: <socket: 2488>: failed (Connection timed out (WSAETIMEDOUT))]))),ConnectionError (HttpExceptionRequest Request {
  host                 = "api.github.com"
  port                 = 80
  secure               = False
  requestHeaders       = [("Accept","application/json;charset=utf-8,application/json"),("user-agent","haskell-app"),("Authorization","<REDACTED>")]
  path                 = "/repos/andrew/railsgirls.github.com/contributors"
  queryString          = "?page=1"
  method               = "GET"
  proxy                = Nothing
  rawBody              = False
  redirectCount        = 10
  responseTimeout      = ResponseTimeoutDefault
  requestVersion       = HTTP/1.1
}
 (ConnectionFailure Network.Socket.connect: <socket: 2564>: failed (Connection timed out (WSAETIMEDOUT)))),ConnectionError (HttpExceptionRequest Request {
  host                 = "api.github.com"
  port                 = 80
  secure               = False
  requestHeaders       = [("Accept","application/json;charset=utf-8,application/json"),("user-agent","haskell-app"),("Authorization","<REDACTED>")]
  path                 = "/repos/andrew/rainbowd.js/contributors"
  queryString          = "?page=1"
  method               = "GET"
  proxy                = Nothing
  rawBody              = False
  redirectCount        = 10
  responseTimeout      = ResponseTimeoutDefault
  requestVersion       = HTTP/1.1
}
 (ConnectionFailure Network.Socket.connect: <socket: 508>: failed (Connection timed out (WSAETIMEDOUT)))),ConnectionError (HttpExceptionRequest Request {
  host                 = "api.github.com"
  port                 = 80
  secure               = False
  requestHeaders       = [("Accept","application/json;charset=utf-8,application/json"),("user-agent","haskell-app"),("Authorization","<REDACTED>")]
  path                 = "/repos/andrew/react-native-app-intro/contributors"
  queryString          = "?page=1"
  method               = "GET"
  proxy                = Nothing
  rawBody              = False
  redirectCount        = 10
  responseTimeout      = ResponseTimeoutDefault
  requestVersion       = HTTP/1.1
}
 (ConnectionFailure Network.Socket.connect: <socket: 508>: failed (Connection timed out (WSAETIMEDOUT)))),ConnectionError (HttpExceptionRequest Request {
  host                 = "api.github.com"
  port                 = 80
  secure               = False
  requestHeaders       = [("Accept","application/json;charset=utf-8,application/json"),("user-agent","haskell-app"),("Authorization","<REDACTED>")]
  path                 = "/repos/andrew/react-native-router-flux/contributors"
  queryString          = "?page=1"
  method               = "GET"
  proxy                = Nothing
  rawBody              = False
  redirectCount        = 10
  responseTimeout      = ResponseTimeoutDefault
  requestVersion       = HTTP/1.1
}
 (InternalException (HostCannotConnect "api.github.com" [Network.Socket.connect: <socket: 1264>: failed (Connection timed out (WSAETIMEDOUT))]))),ConnectionError (HttpExceptionRequest Request {
  host                 = "api.github.com"
  port                 = 80
  secure               = False
  requestHeaders       = [("Accept","application/json;charset=utf-8,application/json"),("user-agent","haskell-app"),("Authorization","<REDACTED>")]
  path                 = "/repos/andrew/readthedocs.org/contributors"
  queryString          = "?page=3"
  method               = "GET"
  proxy                = Nothing
  rawBody              = False
  redirectCount        = 10
  responseTimeout      = ResponseTimeoutDefault
  requestVersion       = HTTP/1.1
}
 (ConnectionFailure Network.Socket.connect: <socket: 1220>: failed (Connection timed out (WSAETIMEDOUT)))),ConnectionError (HttpExceptionRequest Request {
  host                 = "api.github.com"
  port                 = 80
  secure               = False
  requestHeaders       = [("Accept","application/json;charset=utf-8,application/json"),("user-agent","haskell-app"),("Authorization","<REDACTED>")]
  path                 = "/repos/andrew/vmux/contributors"
  queryString          = "?page=1"
  method               = "GET"
  proxy                = Nothing
  rawBody              = False
  redirectCount        = 10
  responseTimeout      = ResponseTimeoutDefault
  requestVersion       = HTTP/1.1
}
 (InternalException (HostCannotConnect "api.github.com" [Network.Socket.connect: <socket: 1976>: failed (Connection timed out (WSAETIMEDOUT))]))),ConnectionError (HttpExceptionRequest Request {
  host                 = "api.github.com"
  port                 = 80
  secure               = False
  requestHeaders       = [("Accept","application/json;charset=utf-8,application/json"),("user-agent","haskell-app"),("Authorization","<REDACTED>")]
  path                 = "/repos/andrew/wansview/contributors"
  queryString          = "?page=1"
  method               = "GET"
  proxy                = Nothing
  rawBody              = False
  redirectCount        = 10
  responseTimeout      = ResponseTimeoutDefault
  requestVersion       = HTTP/1.1
}
 (ConnectionFailure Network.Socket.connect: <socket: 2580>: failed (Connection timed out (WSAETIMEDOUT)))),ConnectionError (HttpExceptionRequest Request {
  host                 = "api.github.com"
  port                 = 80
  secure               = False
  requestHeaders       = [("Accept","application/json;charset=utf-8,application/json"),("user-agent","haskell-app"),("Authorization","<REDACTED>")]
  path                 = "/repos/andrew/wapm-cli/contributors"
  queryString          = "?page=1"
  method               = "GET"
  proxy                = Nothing
  rawBody              = False
  redirectCount        = 10
  responseTimeout      = ResponseTimeoutDefault
  requestVersion       = HTTP/1.1
}
 (ConnectionFailure Network.Socket.connect: <socket: 2468>: failed (Connection timed out (WSAETIMEDOUT)))),ConnectionError (HttpExceptionRequest Request {
  host                 = "api.github.com"
  port                 = 80
  secure               = False
  requestHeaders       = [("Accept","application/json;charset=utf-8,application/json"),("user-agent","haskell-app"),("Authorization","<REDACTED>")]
  path                 = "/repos/andrew/webflight-onscreen-keyboard/contributors"
  queryString          = "?page=1"
  method               = "GET"
  proxy                = Nothing
  rawBody              = False
  redirectCount        = 10
  responseTimeout      = ResponseTimeoutDefault
  requestVersion       = HTTP/1.1
}
 (InternalException (HostCannotConnect "api.github.com" [Network.Socket.connect: <socket: 1628>: failed (Connection timed out (WSAETIMEDOUT))]))),ConnectionError (HttpExceptionRequest Request {
  host                 = "api.github.com"
  port                 = 80
  secure               = False
  requestHeaders       = [("Accept","application/json;charset=utf-8,application/json"),("user-agent","haskell-app"),("Authorization","<REDACTED>")]
  path                 = "/repos/andrew/webflight-trollface/contributors"
  queryString          = "?page=1"
  method               = "GET"
  proxy                = Nothing
  rawBody              = False
  redirectCount        = 10
  responseTimeout      = ResponseTimeoutDefault
  requestVersion       = HTTP/1.1
}
 (ConnectionFailure Network.Socket.connect: <socket: 1628>: failed (Connection timed out (WSAETIMEDOUT)))),ConnectionError (HttpExceptionRequest Request {
  host                 = "api.github.com"
  port                 = 80
  secure               = False
  requestHeaders       = [("Accept","application/json;charset=utf-8,application/json"),("user-agent","haskell-app"),("Authorization","<REDACTED>")]
  path                 = "/repos/andrew/webshaped/contributors"
  queryString          = "?page=1"
  method               = "GET"
  proxy                = Nothing
  rawBody              = False
  redirectCount        = 10
  responseTimeout      = ResponseTimeoutDefault
  requestVersion       = HTTP/1.1
}
 (ConnectionFailure Network.Socket.connect: <socket: 2504>: failed (Connection timed out (WSAETIMEDOUT))))]calculating highest contributor in andrew's reposthe highest contributor in andrew's repos is RepoContributor {login = "whyrusleeping", contributions = 2671}executing `neimhin'sFunc` for RepoContributor {login = "whyrusleeping", contributions = 2671}trying to get whyrusleeping's repos12whyrusleeping's repos are: abup, ACMGoPresentation, arm-sim, asserttp, autobatch, awesome-hacking-spots, b58, badger-migrate, base32, bases, bearded-octo-bear, bencher, BigInt, bitset, bitswap-test, bolt-datastore, brother-drivers, Brutus, bsdash, bufpipe, C-Vector, cbor, cbor-1, cbor-gen, cbor-gen-for, cbreader, CGMinerGo, Challenges, chatty, chunker, Clusterbrot, commander, commp2cid, CougLinksBackend, cronus, data-gen, datagen, datastore.go, dcpu16-c, decerver-interfaces, dhtHell, DissidentGo, distribution, dist_get, doc2go, dotfiles, drag-drop, drand, ds-bench, dsq, elcid, ethelp, ethtx, f2, failstore, fallback-ipfs-shell, FastGoSkein, fastmerkle, fish-shell, ftp-stress, ftp4go, gexbot, gexpin, gh-query, ghostfs, git-cc, git-demo, git-ipfs-rehost, gitextensions, go-buildall, go-codec, go-context, go-ctrlnet, go-ethereum, go-ipfs, go-ipfs-keygen, go-json2cbor, go-key, go-keyspace, go-libp2p-pubsub, go-livepeer-basicnet, go-logging, go-metrics, go-msgio, go-multiaddr, go-multiaddr-net, go-multihash, go-multipart-bug, go-multipart-files, go-netdef, go-notifier, go-pbs, go-peerstream, go-reuseport, go-sdl2, go-smux-multiplex, go-smux-multistream, go-smux-muxado, go-smux-smux, go-smux-spdystream, go-smux-yamux, go-stream-muxer, go-sysinfo, go-test-spdy, go-test-teamcity, go-tftp, go-udp-example, go-utp-nc, go.wde, go2048, gobuilder, gocuda, gocurses, GoDHT, godupes, goj, golang-crosscompile, GoLiathChat, gooey, gopdf, gorocheck, goserv, GoSkein, GoThreefish, GoTransl, gputree, grpc, gx, gx-go, gx-go-template, hashingtalk, hdkeyutils, hellabot, ipcr, ipdag, ipfs-addr, ipfs-counter, ipfs-dht, ipfs-embedded-shell, ipfs-eth-import, ipfs-examples, ipfs-import-chain, ipfs-key, ipfs-network-tests, ipfs-see-all, ipfs-teamcity-docker, ipfs-watcher, ipfs-webext, ipfs-whatever, IpfsEvents, ipns-pub, iptest, jadb, jLibs, jrpc, jserv, json-filter, ledger-filecoin-go, levart-emit, libnetwork, libp2p-examples, libp2p-ios, Lightpack, lua-libp2p, mafmt, Mandelbrot, mango-doc, markov, MazeGenerator, mdfmt, mdns, memstat, mktx, mss-nc, multi-udt-test, multiaddr-filter, multicast, multireq, multistream-compat, natest, NetflixNotifier, Neural, ngrep, opencl-adventure, p2pbnch, p2pc, p2pdrop, paramshare, particles, pinbot, PiOS, playback, pollEndpoint, powerarrow, progmeter, progress, protobuf, pubsub, pycryptopp, QtOpenGLObjectLoaderDemo, query-vis, randobj, recursive-drawing, refmt, regtesting, rendaemon, repobench, repocheck, repofix, retry-datastore, rmake, RouteFinder, sdl, sharray, shootservice, sledge, SleepingBot, sleepsort, SomnOS, spdystream, spot, stackparse, stash, stump, SuperMath, Swarm, tap, tar-utils, test-ugorji-cbor, testnet-utils, Thread-Sort, timecache, tinychat, TinyHtml, todo, toychain, uint128, unixfs-hamt, utp, vinyl, XmlTool, yamux, yardstick, zcash-api, zcash-explorer, zfs, zmsgsome errors were found:
[DecodeFailure "not enough input" (Response {responseStatusCode = Status {statusCode = 204, statusMessage = "No Content"}, responseHeaders = fromList [("Date","Thu, 28 Jan 2021 16:38:02 GMT"),("Server","GitHub.com"),("Status","204 No Content"),("X-OAuth-Scopes","admin:enterprise, admin:gpg_key, admin:org, admin:org_hook, admin:public_key, admin:repo_hook, delete:packages, delete_repo, gist, notifications, repo, user, workflow, write:discussion, write:packages"),("X-Accepted-OAuth-Scopes",""),("X-GitHub-Media-Type","github.v3"),("X-RateLimit-Limit","5000"),("X-RateLimit-Remaining","1999"),("X-RateLimit-Reset","1611853971"),("x-ratelimit-used","3001"),("Access-Control-Expose-Headers","ETag, Link, Location, Retry-After, X-GitHub-OTP, X-RateLimit-Limit, X-RateLimit-Remaining, X-RateLimit-Used, X-RateLimit-Reset, X-OAuth-Scopes, X-Accepted-OAuth-Scopes, X-Poll-Interval, X-GitHub-Media-Type, Deprecation, Sunset"),("Access-Control-Allow-Origin","*"),("Strict-Transport-Security","max-age=31536000; includeSubdomains; preload"),("X-Frame-Options","deny"),("X-Content-Type-Options","nosniff"),("X-XSS-Protection","1; mode=block"),("Referrer-Policy","origin-when-cross-origin, strict-origin-when-cross-origin"),("Content-Security-Policy","default-src 'none'"),("Vary","Accept-Encoding, Accept, X-Requested-With"),("Vary","Accept-Encoding"),("X-GitHub-Request-Id","C313:6EEA:25335B3:28DB9FA:6012E86A")], responseHttpVersion = HTTP/1.1, responseBody = ""}),ConnectionError (HttpExceptionRequest Request {
  host                 = "api.github.com"
  port                 = 80
  secure               = False
  requestHeaders       = [("Accept","application/json;charset=utf-8,application/json"),("user-agent","haskell-app"),("Authorization","<REDACTED>")]
  path                 = "/repos/whyrusleeping/fastmerkle/contributors"
  queryString          = "?page=1"
  method               = "GET"
  proxy                = Nothing
  rawBody              = False
  redirectCount        = 10
  responseTimeout      = ResponseTimeoutDefault
  requestVersion       = HTTP/1.1
}
 (ConnectionFailure Network.Socket.connect: <socket: 2252>: failed (Connection timed out (WSAETIMEDOUT)))),ConnectionError (HttpExceptionRequest Request {
  host                 = "api.github.com"
  port                 = 80
  secure               = False
  requestHeaders       = [("Accept","application/json;charset=utf-8,application/json"),("user-agent","haskell-app"),("Authorization","<REDACTED>")]
  path                 = "/repos/whyrusleeping/fish-shell/contributors"
  queryString          = "?page=1"
  method               = "GET"
  proxy                = Nothing
  rawBody              = False
  redirectCount        = 10
  responseTimeout      = ResponseTimeoutDefault
  requestVersion       = HTTP/1.1
}
 (ConnectionFailure Network.Socket.connect: <socket: 1596>: failed (Connection timed out (WSAETIMEDOUT)))),ConnectionError (HttpExceptionRequest Request {
  host                 = "api.github.com"
  port                 = 80
  secure               = False
  requestHeaders       = [("Accept","application/json;charset=utf-8,application/json"),("user-agent","haskell-app"),("Authorization","<REDACTED>")]
  path                 = "/repos/whyrusleeping/ftp-stress/contributors"
  queryString          = "?page=1"
  method               = "GET"
  proxy                = Nothing
  rawBody              = False
  redirectCount        = 10
  responseTimeout      = ResponseTimeoutDefault
  requestVersion       = HTTP/1.1
}
 (InternalException (HostCannotConnect "api.github.com" [Network.Socket.connect: <socket: 3048>: failed (Connection timed out (WSAETIMEDOUT))]))),ConnectionError (HttpExceptionRequest Request {
  host                 = "api.github.com"
  port                 = 80
  secure               = False
  requestHeaders       = [("Accept","application/json;charset=utf-8,application/json"),("user-agent","haskell-app"),("Authorization","<REDACTED>")]
  path                 = "/repos/whyrusleeping/ftp4go/contributors"
  queryString          = "?page=1"
  method               = "GET"
  proxy                = Nothing
  rawBody              = False
  redirectCount        = 10
  responseTimeout      = ResponseTimeoutDefault
  requestVersion       = HTTP/1.1
}
 (InternalException (HostCannotConnect "api.github.com" [Network.Socket.connect: <socket: 1476>: failed (Connection timed out (WSAETIMEDOUT))]))),ConnectionError (HttpExceptionRequest Request {
  host                 = "api.github.com"
  port                 = 80
  secure               = False
  requestHeaders       = [("Accept","application/json;charset=utf-8,application/json"),("user-agent","haskell-app"),("Authorization","<REDACTED>")]
  path                 = "/repos/whyrusleeping/gexpin/contributors"
  queryString          = "?page=1"
  method               = "GET"
  proxy                = Nothing
  rawBody              = False
  redirectCount        = 10
  responseTimeout      = ResponseTimeoutDefault
  requestVersion       = HTTP/1.1
}
 (InternalException (HostCannotConnect "api.github.com" [Network.Socket.connect: <socket: 1056>: failed (Connection timed out (WSAETIMEDOUT))]))),DecodeFailure "not enough input" (Response {responseStatusCode = Status {statusCode = 204, statusMessage = "No Content"}, responseHeaders = fromList [("Date","Thu, 28 Jan 2021 16:42:16 GMT"),("Server","GitHub.com"),("Status","204 No Content"),("X-OAuth-Scopes","admin:enterprise, admin:gpg_key, admin:org, admin:org_hook, admin:public_key, admin:repo_hook, delete:packages, delete_repo, gist, notifications, repo, user, workflow, write:discussion, write:packages"),("X-Accepted-OAuth-Scopes",""),("X-GitHub-Media-Type","github.v3"),("X-RateLimit-Limit","5000"),("X-RateLimit-Remaining","1518"),("X-RateLimit-Reset","1611853971"),("x-ratelimit-used","3482"),("Access-Control-Expose-Headers","ETag, Link, Location, Retry-After, X-GitHub-OTP, X-RateLimit-Limit, X-RateLimit-Remaining, X-RateLimit-Used, X-RateLimit-Reset, X-OAuth-Scopes, X-Accepted-OAuth-Scopes, X-Poll-Interval, X-GitHub-Media-Type, Deprecation, Sunset"),("Access-Control-Allow-Origin","*"),("Strict-Transport-Security","max-age=31536000; includeSubdomains; preload"),("X-Frame-Options","deny"),("X-Content-Type-Options","nosniff"),("X-XSS-Protection","1; mode=block"),("Referrer-Policy","origin-when-cross-origin, strict-origin-when-cross-origin"),("Content-Security-Policy","default-src 'none'"),("Vary","Accept-Encoding, Accept, X-Requested-With"),("Vary","Accept-Encoding"),("X-GitHub-Request-Id","C2E0:F2E5:1892F2:1AFCB4:6012E968")], responseHttpVersion = HTTP/1.1, responseBody = ""}),DecodeFailure "not enough input" (Response {responseStatusCode = Status {statusCode = 204, statusMessage = "No Content"}, responseHeaders = fromList [("Date","Thu, 28 Jan 2021 16:42:16 GMT"),("Server","GitHub.com"),("Status","204 No Content"),("X-OAuth-Scopes","admin:enterprise, admin:gpg_key, admin:org, admin:org_hook, admin:public_key, admin:repo_hook, delete:packages, delete_repo, gist, notifications, repo, user, workflow, write:discussion, write:packages"),("X-Accepted-OAuth-Scopes",""),("X-GitHub-Media-Type","github.v3"),("X-RateLimit-Limit","5000"),("X-RateLimit-Remaining","1515"),("X-RateLimit-Reset","1611853971"),("x-ratelimit-used","3485"),("Access-Control-Expose-Headers","ETag, Link, Location, Retry-After, X-GitHub-OTP, X-RateLimit-Limit, X-RateLimit-Remaining, X-RateLimit-Used, X-RateLimit-Reset, X-OAuth-Scopes, X-Accepted-OAuth-Scopes, X-Poll-Interval, X-GitHub-Media-Type, Deprecation, Sunset"),("Access-Control-Allow-Origin","*"),("Strict-Transport-Security","max-age=31536000; includeSubdomains; preload"),("X-Frame-Options","deny"),("X-Content-Type-Options","nosniff"),("X-XSS-Protection","1; mode=block"),("Referrer-Policy","origin-when-cross-origin, strict-origin-when-cross-origin"),("Content-Security-Policy","default-src 'none'"),("Vary","Accept-Encoding, Accept, X-Requested-With"),("Vary","Accept-Encoding"),("X-GitHub-Request-Id","C30C:6ADC:552D1D9:5D63639:6012E968")], responseHttpVersion = HTTP/1.1, responseBody = ""}),ConnectionError (HttpExceptionRequest Request {
  host                 = "api.github.com"
  port                 = 80
  secure               = False
  requestHeaders       = [("Accept","application/json;charset=utf-8,application/json"),("user-agent","haskell-app"),("Authorization","<REDACTED>")]
  path                 = "/repos/whyrusleeping/mafmt/contributors"
  queryString          = "?page=1"
  method               = "GET"
  proxy                = Nothing
  rawBody              = False
  redirectCount        = 10
  responseTimeout      = ResponseTimeoutDefault
  requestVersion       = HTTP/1.1
}
 (ConnectionFailure Network.Socket.connect: <socket: 944>: failed (Connection timed out (WSAETIMEDOUT)))),ConnectionError (HttpExceptionRequest Request {
  host                 = "api.github.com"
  port                 = 80
  secure               = False
  requestHeaders       = [("Accept","application/json;charset=utf-8,application/json"),("user-agent","haskell-app"),("Authorization","<REDACTED>")]
  path                 = "/repos/whyrusleeping/markov/contributors"
  queryString          = "?page=1"
  method               = "GET"
  proxy                = Nothing
  rawBody              = False
  redirectCount        = 10
  responseTimeout      = ResponseTimeoutDefault
  requestVersion       = HTTP/1.1
}
 (ConnectionFailure Network.Socket.connect: <socket: 2152>: failed (Connection timed out (WSAETIMEDOUT)))),ConnectionError (HttpExceptionRequest Request {
  host                 = "api.github.com"
  port                 = 80
  secure               = False
  requestHeaders       = [("Accept","application/json;charset=utf-8,application/json"),("user-agent","haskell-app"),("Authorization","<REDACTED>")]
  path                 = "/repos/whyrusleeping/MazeGenerator/contributors"
  queryString          = "?page=1"
  method               = "GET"
  proxy                = Nothing
  rawBody              = False
  redirectCount        = 10
  responseTimeout      = ResponseTimeoutDefault
  requestVersion       = HTTP/1.1
}
 (InternalException (HostCannotConnect "api.github.com" [Network.Socket.connect: <socket: 2360>: failed (Connection timed out (WSAETIMEDOUT))]))),ConnectionError (HttpExceptionRequest Request {
  host                 = "api.github.com"
  port                 = 80
  secure               = False
  requestHeaders       = [("Accept","application/json;charset=utf-8,application/json"),("user-agent","haskell-app"),("Authorization","<REDACTED>")]
  path                 = "/repos/whyrusleeping/mdfmt/contributors"
  queryString          = "?page=1"
  method               = "GET"
  proxy                = Nothing
  rawBody              = False
  redirectCount        = 10
  responseTimeout      = ResponseTimeoutDefault
  requestVersion       = HTTP/1.1
}
 (ConnectionFailure Network.Socket.connect: <socket: 2360>: failed (Connection timed out (WSAETIMEDOUT)))),ConnectionError (HttpExceptionRequest Request {
  host                 = "api.github.com"
  port                 = 80
  secure               = False
  requestHeaders       = [("Accept","application/json;charset=utf-8,application/json"),("user-agent","haskell-app"),("Authorization","<REDACTED>")]
  path                 = "/repos/whyrusleeping/mdns/contributors"
  queryString          = "?page=1"
  method               = "GET"
  proxy                = Nothing
  rawBody              = False
  redirectCount        = 10
  responseTimeout      = ResponseTimeoutDefault
  requestVersion       = HTTP/1.1
}
 (ConnectionFailure Network.Socket.connect: <socket: 3028>: failed (Connection timed out (WSAETIMEDOUT)))),ConnectionError (HttpExceptionRequest Request {
  host                 = "api.github.com"
  port                 = 80
  secure               = False
  requestHeaders       = [("Accept","application/json;charset=utf-8,application/json"),("user-agent","haskell-app"),("Authorization","<REDACTED>")]
  path                 = "/repos/whyrusleeping/multi-udt-test/contributors"
  queryString          = "?page=1"
  method               = "GET"
  proxy                = Nothing
  rawBody              = False
  redirectCount        = 10
  responseTimeout      = ResponseTimeoutDefault
  requestVersion       = HTTP/1.1
}
 (ConnectionFailure Network.Socket.connect: <socket: 3028>: failed (Connection timed out (WSAETIMEDOUT))))]calculating highest contributor in whyrusleeping's reposthe highest contributor in whyrusleeping's repos is RepoContributor {login = "obscuren", contributions = 3868}executing `neimhin'sFunc` for RepoContributor {login = "obscuren", contributions = 3868}trying to get obscuren's repos12obscuren's repos are: arduinoRemoteHand, Aura, block_echo, blog, bn256, bounteth, bundle, c-ethash, chicken, cll, cppgo, dnseth, dotfiles, ecies, editor, etherapis, ethereum-dockers, ethid, ethmail, faucet, gg-personal-website, go-ethereum, go-fuzz, Golang-Koblitz-elliptic-curve-DSA-library, hyperledger, jeffcoin, jev_os, moneth, mutan, notes, obscuren.github.io, opencl-go, opencl-go-tmp, otto, qml, quorum, SampleCoin, secp256k1-go, serpent-go, sha3, testrepo, textgui, tinyvm, topGopher, unity-decompiled, walleth, whisper-payment-channelsome errors were found:
[ConnectionError (HttpExceptionRequest Request {
  host                 = "api.github.com"
  port                 = 80
  secure               = False
  requestHeaders       = [("Accept","application/json;charset=utf-8,application/json"),("user-agent","haskell-app"),("Authorization","<REDACTED>")]
  path                 = "/repos/obscuren/go-ethereum/contributors"
  queryString          = "?page=3"
  method               = "GET"
  proxy                = Nothing
  rawBody              = False
  redirectCount        = 10
  responseTimeout      = ResponseTimeoutDefault
  requestVersion       = HTTP/1.1
}
 (InternalException (HostCannotConnect "api.github.com" [Network.Socket.connect: <socket: 3004>: failed (Connection timed out (WSAETIMEDOUT))]))),ConnectionError (HttpExceptionRequest Request {
  host                 = "api.github.com"
  port                 = 80
  secure               = False
  requestHeaders       = [("Accept","application/json;charset=utf-8,application/json"),("user-agent","haskell-app"),("Authorization","<REDACTED>")]
  path                 = "/repos/obscuren/hyperledger/contributors"
  queryString          = "?page=1"
  method               = "GET"
  proxy                = Nothing
  rawBody              = False
  redirectCount        = 10
  responseTimeout      = ResponseTimeoutDefault
  requestVersion       = HTTP/1.1
}
 (ConnectionFailure Network.Socket.connect: <socket: 1700>: failed (Connection timed out (WSAETIMEDOUT)))),ConnectionError (HttpExceptionRequest Request {
  host                 = "api.github.com"
  port                 = 80
  secure               = False
  requestHeaders       = [("Accept","application/json;charset=utf-8,application/json"),("user-agent","haskell-app"),("Authorization","<REDACTED>")]
  path                 = "/repos/obscuren/jeffcoin/contributors"
  queryString          = "?page=1"
  method               = "GET"
  proxy                = Nothing
  rawBody              = False
  redirectCount        = 10
  responseTimeout      = ResponseTimeoutDefault
  requestVersion       = HTTP/1.1
}
 (ConnectionFailure Network.Socket.connect: <socket: 1328>: failed (Connection timed out (WSAETIMEDOUT)))),ConnectionError (HttpExceptionRequest Request {
  host                 = "api.github.com"
  port                 = 80
  secure               = False
  requestHeaders       = [("Accept","application/json;charset=utf-8,application/json"),("user-agent","haskell-app"),("Authorization","<REDACTED>")]
  path                 = "/repos/obscuren/moneth/contributors"
  queryString          = "?page=1"
  method               = "GET"
  proxy                = Nothing
  rawBody              = False
  redirectCount        = 10
  responseTimeout      = ResponseTimeoutDefault
  requestVersion       = HTTP/1.1
}
 (InternalException (HostCannotConnect "api.github.com" [Network.Socket.connect: <socket: 1836>: failed (Connection timed out (WSAETIMEDOUT))]))),ConnectionError (HttpExceptionRequest Request {
  host                 = "api.github.com"
  port                 = 80
  secure               = False
  requestHeaders       = [("Accept","application/json;charset=utf-8,application/json"),("user-agent","haskell-app"),("Authorization","<REDACTED>")]
  path                 = "/repos/obscuren/mutan/contributors"
  queryString          = "?page=1"
  method               = "GET"
  proxy                = Nothing
  rawBody              = False
  redirectCount        = 10
  responseTimeout      = ResponseTimeoutDefault
  requestVersion       = HTTP/1.1
}
 (ConnectionFailure Network.Socket.connect: <socket: 1656>: failed (Connection timed out (WSAETIMEDOUT)))),ConnectionError (HttpExceptionRequest Request {
  host                 = "api.github.com"
  port                 = 80
  secure               = False
  requestHeaders       = [("Accept","application/json;charset=utf-8,application/json"),("user-agent","haskell-app"),("Authorization","<REDACTED>")]
  path                 = "/repos/obscuren/obscuren.github.io/contributors"
  queryString          = "?page=1"
  method               = "GET"
  proxy                = Nothing
  rawBody              = False
  redirectCount        = 10
  responseTimeout      = ResponseTimeoutDefault
  requestVersion       = HTTP/1.1
}
 (ConnectionFailure Network.Socket.connect: <socket: 2420>: failed (Connection timed out (WSAETIMEDOUT))))]calculating highest contributor in obscuren's reposthe highest contributor in obscuren's repos is RepoContributor {login = "obscuren", contributions = 3895}executing `neimhin'sFunc` for RepoContributor {login = "obscuren", contributions = 3895}trying to get andrew's repos1